::1 - - [07/Feb/2018:10:44:25 +0000] "GET / HTTP/1.1" 200 3887 "-" "Mozilla/5.0 (Windows NT 10.0; Win64; x64; rv:58.0) Gecko/20100101 Firefox/58.0"
::1 - - [07/Feb/2018:10:46:29 +0000] "POST /login HTTP/1.1" - - "http://localhost:3010/" "Mozilla/5.0 (Windows NT 10.0; Win64; x64; rv:58.0) Gecko/20100101 Firefox/58.0"
::1 - - [07/Feb/2018:10:46:31 +0000] "POST /login HTTP/1.1" - - "http://localhost:3010/" "Mozilla/5.0 (Windows NT 10.0; Win64; x64; rv:58.0) Gecko/20100101 Firefox/58.0"
::1 - - [07/Feb/2018:10:48:29 +0000] "POST /login HTTP/1.1" - - "http://localhost:3010/" "Mozilla/5.0 (Windows NT 10.0; Win64; x64; rv:58.0) Gecko/20100101 Firefox/58.0"
::1 - - [07/Feb/2018:10:48:31 +0000] "POST /login HTTP/1.1" - - "http://localhost:3010/" "Mozilla/5.0 (Windows NT 10.0; Win64; x64; rv:58.0) Gecko/20100101 Firefox/58.0"
::1 - - [07/Feb/2018:11:01:57 +0000] "GET / HTTP/1.1" 200 3887 "-" "Mozilla/5.0 (Windows NT 10.0; Win64; x64) AppleWebKit/537.36 (KHTML, like Gecko) Chrome/63.0.3239.132 Safari/537.36"
::1 - - [07/Feb/2018:11:01:59 +0000] "GET /favicon.ico HTTP/1.1" 404 24 "http://localhost:3010/" "Mozilla/5.0 (Windows NT 10.0; Win64; x64) AppleWebKit/537.36 (KHTML, like Gecko) Chrome/63.0.3239.132 Safari/537.36"
::1 - - [07/Feb/2018:11:02:01 +0000] "POST /login HTTP/1.1" 200 258 "http://localhost:3010/" "Mozilla/5.0 (Windows NT 10.0; Win64; x64) AppleWebKit/537.36 (KHTML, like Gecko) Chrome/63.0.3239.132 Safari/537.36"
::1 - - [07/Feb/2018:11:02:01 +0000] "GET / HTTP/1.1" 200 192849 "http://localhost:3010/" "Mozilla/5.0 (Windows NT 10.0; Win64; x64) AppleWebKit/537.36 (KHTML, like Gecko) Chrome/63.0.3239.132 Safari/537.36"
::1 - - [07/Feb/2018:11:02:02 +0000] "GET /shades/sprint_images/%7B%7BselectedData.Sprint_Id%7D%7D.jpg HTTP/1.1" 404 72 "http://localhost:3010/" "Mozilla/5.0 (Windows NT 10.0; Win64; x64) AppleWebKit/537.36 (KHTML, like Gecko) Chrome/63.0.3239.132 Safari/537.36"
::1 - - [07/Feb/2018:11:02:02 +0000] "GET /images/loading.gif HTTP/1.1" 404 31 "http://localhost:3010/Content/style.css" "Mozilla/5.0 (Windows NT 10.0; Win64; x64) AppleWebKit/537.36 (KHTML, like Gecko) Chrome/63.0.3239.132 Safari/537.36"
::1 - - [07/Feb/2018:11:02:02 +0000] "GET /fonts/glyphicons-halflings-regular.woff HTTP/1.1" 404 52 "http://localhost:3010/Content/bootstrap-new-Mian.css" "Mozilla/5.0 (Windows NT 10.0; Win64; x64) AppleWebKit/537.36 (KHTML, like Gecko) Chrome/63.0.3239.132 Safari/537.36"
::1 - - [07/Feb/2018:11:02:02 +0000] "GET /fonts/glyphicons-halflings-regular.ttf HTTP/1.1" 404 51 "http://localhost:3010/Content/bootstrap-new-Mian.css" "Mozilla/5.0 (Windows NT 10.0; Win64; x64) AppleWebKit/537.36 (KHTML, like Gecko) Chrome/63.0.3239.132 Safari/537.36"
::1 - - [07/Feb/2018:11:02:03 +0000] "GET /images/sort_both.png HTTP/1.1" 404 33 "http://localhost:3010/Content/jquery.dataTables.min.css" "Mozilla/5.0 (Windows NT 10.0; Win64; x64) AppleWebKit/537.36 (KHTML, like Gecko) Chrome/63.0.3239.132 Safari/537.36"
::1 - - [07/Feb/2018:11:02:04 +0000] "GET /loginUserDetails/ HTTP/1.1" 200 258 "http://localhost:3010/" "Mozilla/5.0 (Windows NT 10.0; Win64; x64) AppleWebKit/537.36 (KHTML, like Gecko) Chrome/63.0.3239.132 Safari/537.36"
::1 - - [07/Feb/2018:11:02:04 +0000] "GET /images/sort_asc.png HTTP/1.1" 404 32 "http://localhost:3010/Content/jquery.dataTables.min.css" "Mozilla/5.0 (Windows NT 10.0; Win64; x64) AppleWebKit/537.36 (KHTML, like Gecko) Chrome/63.0.3239.132 Safari/537.36"
::1 - - [07/Feb/2018:11:02:05 +0000] "GET /defaultBindValues/ HTTP/1.1" 200 185 "http://localhost:3010/" "Mozilla/5.0 (Windows NT 10.0; Win64; x64) AppleWebKit/537.36 (KHTML, like Gecko) Chrome/63.0.3239.132 Safari/537.36"
::1 - - [07/Feb/2018:11:02:05 +0000] "GET /getLogs/superadmin HTTP/1.1" 200 - "http://localhost:3010/" "Mozilla/5.0 (Windows NT 10.0; Win64; x64) AppleWebKit/537.36 (KHTML, like Gecko) Chrome/63.0.3239.132 Safari/537.36"
::1 - - [07/Feb/2018:11:02:08 +0000] "POST /colorshade/range HTTP/1.1" 200 11 "http://localhost:3010/" "Mozilla/5.0 (Windows NT 10.0; Win64; x64) AppleWebKit/537.36 (KHTML, like Gecko) Chrome/63.0.3239.132 Safari/537.36"
::1 - - [07/Feb/2018:11:02:08 +0000] "POST /analytics/clusters HTTP/1.1" 200 1058 "http://localhost:3010/" "Mozilla/5.0 (Windows NT 10.0; Win64; x64) AppleWebKit/537.36 (KHTML, like Gecko) Chrome/63.0.3239.132 Safari/537.36"
::1 - - [07/Feb/2018:11:02:08 +0000] "POST /analytics/nearestFormula HTTP/1.1" 200 16 "http://localhost:3010/" "Mozilla/5.0 (Windows NT 10.0; Win64; x64) AppleWebKit/537.36 (KHTML, like Gecko) Chrome/63.0.3239.132 Safari/537.36"
::1 - - [07/Feb/2018:11:02:08 +0000] "GET /statistics HTTP/1.1" 200 - "http://localhost:3010/" "Mozilla/5.0 (Windows NT 10.0; Win64; x64) AppleWebKit/537.36 (KHTML, like Gecko) Chrome/63.0.3239.132 Safari/537.36"
::1 - - [07/Feb/2018:11:02:11 +0000] "POST /colorshade/fullData HTTP/1.1" 200 7623 "http://localhost:3010/" "Mozilla/5.0 (Windows NT 10.0; Win64; x64) AppleWebKit/537.36 (KHTML, like Gecko) Chrome/63.0.3239.132 Safari/537.36"
::1 - - [07/Feb/2018:11:02:11 +0000] "GET /shades/sprint_images/379.jpg HTTP/1.1" 404 41 "http://localhost:3010/" "Mozilla/5.0 (Windows NT 10.0; Win64; x64) AppleWebKit/537.36 (KHTML, like Gecko) Chrome/63.0.3239.132 Safari/537.36"
::1 - - [07/Feb/2018:11:02:11 +0000] "GET /shades/sprint_images/380.jpg HTTP/1.1" 404 41 "http://localhost:3010/" "Mozilla/5.0 (Windows NT 10.0; Win64; x64) AppleWebKit/537.36 (KHTML, like Gecko) Chrome/63.0.3239.132 Safari/537.36"
::1 - - [07/Feb/2018:11:02:11 +0000] "GET /shades/sprint_images/381.jpg HTTP/1.1" 404 41 "http://localhost:3010/" "Mozilla/5.0 (Windows NT 10.0; Win64; x64) AppleWebKit/537.36 (KHTML, like Gecko) Chrome/63.0.3239.132 Safari/537.36"
::1 - - [07/Feb/2018:11:02:11 +0000] "GET /shades/sprint_images/382.jpg HTTP/1.1" 404 41 "http://localhost:3010/" "Mozilla/5.0 (Windows NT 10.0; Win64; x64) AppleWebKit/537.36 (KHTML, like Gecko) Chrome/63.0.3239.132 Safari/537.36"
::1 - - [07/Feb/2018:11:02:11 +0000] "GET /shades/sprint_images/383.jpg HTTP/1.1" 404 41 "http://localhost:3010/" "Mozilla/5.0 (Windows NT 10.0; Win64; x64) AppleWebKit/537.36 (KHTML, like Gecko) Chrome/63.0.3239.132 Safari/537.36"
::1 - - [07/Feb/2018:11:02:11 +0000] "POST /analytics/clusters HTTP/1.1" 200 1058 "http://localhost:3010/" "Mozilla/5.0 (Windows NT 10.0; Win64; x64) AppleWebKit/537.36 (KHTML, like Gecko) Chrome/63.0.3239.132 Safari/537.36"
::1 - - [07/Feb/2018:11:02:11 +0000] "POST /analytics/nearestFormula HTTP/1.1" 200 7716 "http://localhost:3010/" "Mozilla/5.0 (Windows NT 10.0; Win64; x64) AppleWebKit/537.36 (KHTML, like Gecko) Chrome/63.0.3239.132 Safari/537.36"
::1 - - [07/Feb/2018:12:16:36 +0000] "GET / HTTP/1.1" 304 - "-" "Mozilla/5.0 (Windows NT 10.0; Win64; x64; rv:58.0) Gecko/20100101 Firefox/58.0"
::1 - - [07/Feb/2018:12:19:02 +0000] "GET / HTTP/1.1" 200 3887 "-" "Mozilla/5.0 (Windows NT 10.0; Win64; x64; rv:58.0) Gecko/20100101 Firefox/58.0"
::1 - - [08/Feb/2018:06:43:32 +0000] "GET / HTTP/1.1" 200 3887 "-" "Mozilla/5.0 (Windows NT 10.0; Win64; x64) AppleWebKit/537.36 (KHTML, like Gecko) Chrome/63.0.3239.132 Safari/537.36"
::1 - - [08/Feb/2018:06:43:34 +0000] "GET /favicon.ico HTTP/1.1" 404 150 "http://localhost:3010/" "Mozilla/5.0 (Windows NT 10.0; Win64; x64) AppleWebKit/537.36 (KHTML, like Gecko) Chrome/63.0.3239.132 Safari/537.36"
::1 - - [08/Feb/2018:06:43:36 +0000] "POST /login HTTP/1.1" 200 258 "http://localhost:3010/" "Mozilla/5.0 (Windows NT 10.0; Win64; x64) AppleWebKit/537.36 (KHTML, like Gecko) Chrome/63.0.3239.132 Safari/537.36"
::1 - - [08/Feb/2018:06:43:36 +0000] "GET / HTTP/1.1" 200 192849 "http://localhost:3010/" "Mozilla/5.0 (Windows NT 10.0; Win64; x64) AppleWebKit/537.36 (KHTML, like Gecko) Chrome/63.0.3239.132 Safari/537.36"
::1 - - [08/Feb/2018:06:43:37 +0000] "GET /images/loading.gif HTTP/1.1" 404 157 "http://localhost:3010/Content/style.css" "Mozilla/5.0 (Windows NT 10.0; Win64; x64) AppleWebKit/537.36 (KHTML, like Gecko) Chrome/63.0.3239.132 Safari/537.36"
::1 - - [08/Feb/2018:06:43:37 +0000] "GET /shades/sprint_images/%7B%7BselectedData.Sprint_Id%7D%7D.jpg HTTP/1.1" 404 198 "http://localhost:3010/" "Mozilla/5.0 (Windows NT 10.0; Win64; x64) AppleWebKit/537.36 (KHTML, like Gecko) Chrome/63.0.3239.132 Safari/537.36"
::1 - - [08/Feb/2018:06:43:37 +0000] "GET /fonts/glyphicons-halflings-regular.woff HTTP/1.1" 404 178 "http://localhost:3010/Content/bootstrap-new-Mian.css" "Mozilla/5.0 (Windows NT 10.0; Win64; x64) AppleWebKit/537.36 (KHTML, like Gecko) Chrome/63.0.3239.132 Safari/537.36"
::1 - - [08/Feb/2018:06:43:37 +0000] "GET /fonts/glyphicons-halflings-regular.ttf HTTP/1.1" 404 177 "http://localhost:3010/Content/bootstrap-new-Mian.css" "Mozilla/5.0 (Windows NT 10.0; Win64; x64) AppleWebKit/537.36 (KHTML, like Gecko) Chrome/63.0.3239.132 Safari/537.36"
::1 - - [08/Feb/2018:06:43:38 +0000] "GET /images/sort_both.png HTTP/1.1" 404 159 "http://localhost:3010/Content/jquery.dataTables.min.css" "Mozilla/5.0 (Windows NT 10.0; Win64; x64) AppleWebKit/537.36 (KHTML, like Gecko) Chrome/63.0.3239.132 Safari/537.36"
::1 - - [08/Feb/2018:06:43:38 +0000] "GET /loginUserDetails/ HTTP/1.1" 304 - "http://localhost:3010/" "Mozilla/5.0 (Windows NT 10.0; Win64; x64) AppleWebKit/537.36 (KHTML, like Gecko) Chrome/63.0.3239.132 Safari/537.36"
::1 - - [08/Feb/2018:06:43:39 +0000] "GET /images/sort_asc.png HTTP/1.1" 404 158 "http://localhost:3010/Content/jquery.dataTables.min.css" "Mozilla/5.0 (Windows NT 10.0; Win64; x64) AppleWebKit/537.36 (KHTML, like Gecko) Chrome/63.0.3239.132 Safari/537.36"
::1 - - [08/Feb/2018:06:43:40 +0000] "GET /getLogs/superadmin HTTP/1.1" 200 - "http://localhost:3010/" "Mozilla/5.0 (Windows NT 10.0; Win64; x64) AppleWebKit/537.36 (KHTML, like Gecko) Chrome/63.0.3239.132 Safari/537.36"
::1 - - [08/Feb/2018:06:44:41 +0000] "GET /defaultBindValues/ HTTP/1.1" 200 2135 "http://localhost:3010/" "Mozilla/5.0 (Windows NT 10.0; Win64; x64) AppleWebKit/537.36 (KHTML, like Gecko) Chrome/63.0.3239.132 Safari/537.36"
::1 - - [08/Feb/2018:06:44:44 +0000] "GET /statistics HTTP/1.1" 200 - "http://localhost:3010/" "Mozilla/5.0 (Windows NT 10.0; Win64; x64) AppleWebKit/537.36 (KHTML, like Gecko) Chrome/63.0.3239.132 Safari/537.36"
::1 - - [08/Feb/2018:06:44:47 +0000] "POST /colorshade/range HTTP/1.1" 200 607818 "http://localhost:3010/" "Mozilla/5.0 (Windows NT 10.0; Win64; x64) AppleWebKit/537.36 (KHTML, like Gecko) Chrome/63.0.3239.132 Safari/537.36"
::1 - - [08/Feb/2018:06:44:47 +0000] "GET /shades/sprint_images/7568.jpg HTTP/1.1" 404 168 "http://localhost:3010/" "Mozilla/5.0 (Windows NT 10.0; Win64; x64) AppleWebKit/537.36 (KHTML, like Gecko) Chrome/63.0.3239.132 Safari/537.36"
::1 - - [08/Feb/2018:06:44:47 +0000] "GET /shades/sprint_images/391.jpg HTTP/1.1" 404 167 "http://localhost:3010/" "Mozilla/5.0 (Windows NT 10.0; Win64; x64) AppleWebKit/537.36 (KHTML, like Gecko) Chrome/63.0.3239.132 Safari/537.36"
::1 - - [08/Feb/2018:06:44:47 +0000] "GET /shades/sprint_images/394.jpg HTTP/1.1" 404 167 "http://localhost:3010/" "Mozilla/5.0 (Windows NT 10.0; Win64; x64) AppleWebKit/537.36 (KHTML, like Gecko) Chrome/63.0.3239.132 Safari/537.36"
::1 - - [08/Feb/2018:06:44:47 +0000] "GET /shades/sprint_images/443.jpg HTTP/1.1" 404 167 "http://localhost:3010/" "Mozilla/5.0 (Windows NT 10.0; Win64; x64) AppleWebKit/537.36 (KHTML, like Gecko) Chrome/63.0.3239.132 Safari/537.36"
::1 - - [08/Feb/2018:06:44:47 +0000] "GET /shades/sprint_images/511.jpg HTTP/1.1" 404 167 "http://localhost:3010/" "Mozilla/5.0 (Windows NT 10.0; Win64; x64) AppleWebKit/537.36 (KHTML, like Gecko) Chrome/63.0.3239.132 Safari/537.36"
::1 - - [08/Feb/2018:06:44:47 +0000] "GET /shades/sprint_images/512.jpg HTTP/1.1" 404 167 "http://localhost:3010/" "Mozilla/5.0 (Windows NT 10.0; Win64; x64) AppleWebKit/537.36 (KHTML, like Gecko) Chrome/63.0.3239.132 Safari/537.36"
::1 - - [08/Feb/2018:06:44:47 +0000] "GET /shades/sprint_images/513.jpg HTTP/1.1" 404 167 "http://localhost:3010/" "Mozilla/5.0 (Windows NT 10.0; Win64; x64) AppleWebKit/537.36 (KHTML, like Gecko) Chrome/63.0.3239.132 Safari/537.36"
::1 - - [08/Feb/2018:06:44:47 +0000] "GET /shades/sprint_images/442.jpg HTTP/1.1" 404 167 "http://localhost:3010/" "Mozilla/5.0 (Windows NT 10.0; Win64; x64) AppleWebKit/537.36 (KHTML, like Gecko) Chrome/63.0.3239.132 Safari/537.36"
::1 - - [08/Feb/2018:06:44:47 +0000] "GET /shades/sprint_images/514.jpg HTTP/1.1" 404 167 "http://localhost:3010/" "Mozilla/5.0 (Windows NT 10.0; Win64; x64) AppleWebKit/537.36 (KHTML, like Gecko) Chrome/63.0.3239.132 Safari/537.36"
::1 - - [08/Feb/2018:06:44:47 +0000] "GET /shades/sprint_images/748.jpg HTTP/1.1" 404 167 "http://localhost:3010/" "Mozilla/5.0 (Windows NT 10.0; Win64; x64) AppleWebKit/537.36 (KHTML, like Gecko) Chrome/63.0.3239.132 Safari/537.36"
::1 - - [08/Feb/2018:06:44:47 +0000] "POST /analytics/clusters HTTP/1.1" 200 45150 "http://localhost:3010/" "Mozilla/5.0 (Windows NT 10.0; Win64; x64) AppleWebKit/537.36 (KHTML, like Gecko) Chrome/63.0.3239.132 Safari/537.36"
::1 - - [08/Feb/2018:06:44:47 +0000] "POST /analytics/nearestFormula HTTP/1.1" 200 13141 "http://localhost:3010/" "Mozilla/5.0 (Windows NT 10.0; Win64; x64) AppleWebKit/537.36 (KHTML, like Gecko) Chrome/63.0.3239.132 Safari/537.36"
::1 - - [08/Feb/2018:08:04:09 +0000] "POST /colorshade/range HTTP/1.1" 200 643980 "http://localhost:3010/" "Mozilla/5.0 (Windows NT 10.0; Win64; x64) AppleWebKit/537.36 (KHTML, like Gecko) Chrome/63.0.3239.132 Safari/537.36"
::1 - - [08/Feb/2018:08:04:09 +0000] "GET /shades/sprint_images/7721.jpg HTTP/1.1" 404 168 "http://localhost:3010/" "Mozilla/5.0 (Windows NT 10.0; Win64; x64) AppleWebKit/537.36 (KHTML, like Gecko) Chrome/63.0.3239.132 Safari/537.36"
::1 - - [08/Feb/2018:08:04:09 +0000] "GET /shades/sprint_images/443.jpg HTTP/1.1" 404 167 "http://localhost:3010/" "Mozilla/5.0 (Windows NT 10.0; Win64; x64) AppleWebKit/537.36 (KHTML, like Gecko) Chrome/63.0.3239.132 Safari/537.36"
::1 - - [08/Feb/2018:08:04:09 +0000] "GET /shades/sprint_images/391.jpg HTTP/1.1" 404 167 "http://localhost:3010/" "Mozilla/5.0 (Windows NT 10.0; Win64; x64) AppleWebKit/537.36 (KHTML, like Gecko) Chrome/63.0.3239.132 Safari/537.36"
::1 - - [08/Feb/2018:08:04:09 +0000] "GET /shades/sprint_images/394.jpg HTTP/1.1" 404 167 "http://localhost:3010/" "Mozilla/5.0 (Windows NT 10.0; Win64; x64) AppleWebKit/537.36 (KHTML, like Gecko) Chrome/63.0.3239.132 Safari/537.36"
::1 - - [08/Feb/2018:08:04:09 +0000] "GET /shades/sprint_images/442.jpg HTTP/1.1" 404 167 "http://localhost:3010/" "Mozilla/5.0 (Windows NT 10.0; Win64; x64) AppleWebKit/537.36 (KHTML, like Gecko) Chrome/63.0.3239.132 Safari/537.36"
::1 - - [08/Feb/2018:08:04:09 +0000] "GET /shades/sprint_images/511.jpg HTTP/1.1" 404 167 "http://localhost:3010/" "Mozilla/5.0 (Windows NT 10.0; Win64; x64) AppleWebKit/537.36 (KHTML, like Gecko) Chrome/63.0.3239.132 Safari/537.36"
::1 - - [08/Feb/2018:08:04:09 +0000] "GET /shades/sprint_images/512.jpg HTTP/1.1" 404 167 "http://localhost:3010/" "Mozilla/5.0 (Windows NT 10.0; Win64; x64) AppleWebKit/537.36 (KHTML, like Gecko) Chrome/63.0.3239.132 Safari/537.36"
::1 - - [08/Feb/2018:08:04:09 +0000] "GET /shades/sprint_images/513.jpg HTTP/1.1" 404 167 "http://localhost:3010/" "Mozilla/5.0 (Windows NT 10.0; Win64; x64) AppleWebKit/537.36 (KHTML, like Gecko) Chrome/63.0.3239.132 Safari/537.36"
::1 - - [08/Feb/2018:08:04:09 +0000] "GET /shades/sprint_images/514.jpg HTTP/1.1" 404 167 "http://localhost:3010/" "Mozilla/5.0 (Windows NT 10.0; Win64; x64) AppleWebKit/537.36 (KHTML, like Gecko) Chrome/63.0.3239.132 Safari/537.36"
::1 - - [08/Feb/2018:08:04:09 +0000] "GET /shades/sprint_images/748.jpg HTTP/1.1" 404 167 "http://localhost:3010/" "Mozilla/5.0 (Windows NT 10.0; Win64; x64) AppleWebKit/537.36 (KHTML, like Gecko) Chrome/63.0.3239.132 Safari/537.36"
::1 - - [08/Feb/2018:08:04:09 +0000] "POST /analytics/clusters HTTP/1.1" 200 47752 "http://localhost:3010/" "Mozilla/5.0 (Windows NT 10.0; Win64; x64) AppleWebKit/537.36 (KHTML, like Gecko) Chrome/63.0.3239.132 Safari/537.36"
::1 - - [08/Feb/2018:08:04:09 +0000] "POST /analytics/nearestFormula HTTP/1.1" 200 13182 "http://localhost:3010/" "Mozilla/5.0 (Windows NT 10.0; Win64; x64) AppleWebKit/537.36 (KHTML, like Gecko) Chrome/63.0.3239.132 Safari/537.36"
::1 - - [08/Feb/2018:08:04:20 +0000] "POST /colorshade/range HTTP/1.1" 200 1380391 "http://localhost:3010/" "Mozilla/5.0 (Windows NT 10.0; Win64; x64) AppleWebKit/537.36 (KHTML, like Gecko) Chrome/63.0.3239.132 Safari/537.36"
::1 - - [08/Feb/2018:08:04:20 +0000] "GET /shades/sprint_images/6496.jpg HTTP/1.1" 404 168 "http://localhost:3010/" "Mozilla/5.0 (Windows NT 10.0; Win64; x64) AppleWebKit/537.36 (KHTML, like Gecko) Chrome/63.0.3239.132 Safari/537.36"
::1 - - [08/Feb/2018:08:04:20 +0000] "GET /shades/sprint_images/391.jpg HTTP/1.1" 404 167 "http://localhost:3010/" "Mozilla/5.0 (Windows NT 10.0; Win64; x64) AppleWebKit/537.36 (KHTML, like Gecko) Chrome/63.0.3239.132 Safari/537.36"
::1 - - [08/Feb/2018:08:04:20 +0000] "GET /shades/sprint_images/394.jpg HTTP/1.1" 404 167 "http://localhost:3010/" "Mozilla/5.0 (Windows NT 10.0; Win64; x64) AppleWebKit/537.36 (KHTML, like Gecko) Chrome/63.0.3239.132 Safari/537.36"
::1 - - [08/Feb/2018:08:04:20 +0000] "GET /shades/sprint_images/442.jpg HTTP/1.1" 404 167 "http://localhost:3010/" "Mozilla/5.0 (Windows NT 10.0; Win64; x64) AppleWebKit/537.36 (KHTML, like Gecko) Chrome/63.0.3239.132 Safari/537.36"
::1 - - [08/Feb/2018:08:04:20 +0000] "GET /shades/sprint_images/443.jpg HTTP/1.1" 404 167 "http://localhost:3010/" "Mozilla/5.0 (Windows NT 10.0; Win64; x64) AppleWebKit/537.36 (KHTML, like Gecko) Chrome/63.0.3239.132 Safari/537.36"
::1 - - [08/Feb/2018:08:04:20 +0000] "GET /shades/sprint_images/448.jpg HTTP/1.1" 404 167 "http://localhost:3010/" "Mozilla/5.0 (Windows NT 10.0; Win64; x64) AppleWebKit/537.36 (KHTML, like Gecko) Chrome/63.0.3239.132 Safari/537.36"
::1 - - [08/Feb/2018:08:04:20 +0000] "GET /shades/sprint_images/449.jpg HTTP/1.1" 404 167 "http://localhost:3010/" "Mozilla/5.0 (Windows NT 10.0; Win64; x64) AppleWebKit/537.36 (KHTML, like Gecko) Chrome/63.0.3239.132 Safari/537.36"
::1 - - [08/Feb/2018:08:04:20 +0000] "GET /shades/sprint_images/511.jpg HTTP/1.1" 404 167 "http://localhost:3010/" "Mozilla/5.0 (Windows NT 10.0; Win64; x64) AppleWebKit/537.36 (KHTML, like Gecko) Chrome/63.0.3239.132 Safari/537.36"
::1 - - [08/Feb/2018:08:04:20 +0000] "GET /shades/sprint_images/512.jpg HTTP/1.1" 404 167 "http://localhost:3010/" "Mozilla/5.0 (Windows NT 10.0; Win64; x64) AppleWebKit/537.36 (KHTML, like Gecko) Chrome/63.0.3239.132 Safari/537.36"
::1 - - [08/Feb/2018:08:04:20 +0000] "GET /shades/sprint_images/513.jpg HTTP/1.1" 404 167 "http://localhost:3010/" "Mozilla/5.0 (Windows NT 10.0; Win64; x64) AppleWebKit/537.36 (KHTML, like Gecko) Chrome/63.0.3239.132 Safari/537.36"
::1 - - [08/Feb/2018:08:04:21 +0000] "POST /analytics/clusters HTTP/1.1" 200 103652 "http://localhost:3010/" "Mozilla/5.0 (Windows NT 10.0; Win64; x64) AppleWebKit/537.36 (KHTML, like Gecko) Chrome/63.0.3239.132 Safari/537.36"
::1 - - [08/Feb/2018:08:04:21 +0000] "POST /analytics/nearestFormula HTTP/1.1" 200 13022 "http://localhost:3010/" "Mozilla/5.0 (Windows NT 10.0; Win64; x64) AppleWebKit/537.36 (KHTML, like Gecko) Chrome/63.0.3239.132 Safari/537.36"
::1 - - [08/Feb/2018:08:04:30 +0000] "POST /colorshade/range HTTP/1.1" 200 1393289 "http://localhost:3010/" "Mozilla/5.0 (Windows NT 10.0; Win64; x64) AppleWebKit/537.36 (KHTML, like Gecko) Chrome/63.0.3239.132 Safari/537.36"
::1 - - [08/Feb/2018:08:04:30 +0000] "GET /shades/sprint_images/6500.jpg HTTP/1.1" 404 168 "http://localhost:3010/" "Mozilla/5.0 (Windows NT 10.0; Win64; x64) AppleWebKit/537.36 (KHTML, like Gecko) Chrome/63.0.3239.132 Safari/537.36"
::1 - - [08/Feb/2018:08:04:30 +0000] "GET /shades/sprint_images/391.jpg HTTP/1.1" 404 167 "http://localhost:3010/" "Mozilla/5.0 (Windows NT 10.0; Win64; x64) AppleWebKit/537.36 (KHTML, like Gecko) Chrome/63.0.3239.132 Safari/537.36"
::1 - - [08/Feb/2018:08:04:30 +0000] "GET /shades/sprint_images/394.jpg HTTP/1.1" 404 167 "http://localhost:3010/" "Mozilla/5.0 (Windows NT 10.0; Win64; x64) AppleWebKit/537.36 (KHTML, like Gecko) Chrome/63.0.3239.132 Safari/537.36"
::1 - - [08/Feb/2018:08:04:30 +0000] "GET /shades/sprint_images/442.jpg HTTP/1.1" 404 167 "http://localhost:3010/" "Mozilla/5.0 (Windows NT 10.0; Win64; x64) AppleWebKit/537.36 (KHTML, like Gecko) Chrome/63.0.3239.132 Safari/537.36"
::1 - - [08/Feb/2018:08:04:30 +0000] "GET /shades/sprint_images/443.jpg HTTP/1.1" 404 167 "http://localhost:3010/" "Mozilla/5.0 (Windows NT 10.0; Win64; x64) AppleWebKit/537.36 (KHTML, like Gecko) Chrome/63.0.3239.132 Safari/537.36"
::1 - - [08/Feb/2018:08:04:30 +0000] "GET /shades/sprint_images/448.jpg HTTP/1.1" 404 167 "http://localhost:3010/" "Mozilla/5.0 (Windows NT 10.0; Win64; x64) AppleWebKit/537.36 (KHTML, like Gecko) Chrome/63.0.3239.132 Safari/537.36"
::1 - - [08/Feb/2018:08:04:30 +0000] "GET /shades/sprint_images/449.jpg HTTP/1.1" 404 167 "http://localhost:3010/" "Mozilla/5.0 (Windows NT 10.0; Win64; x64) AppleWebKit/537.36 (KHTML, like Gecko) Chrome/63.0.3239.132 Safari/537.36"
::1 - - [08/Feb/2018:08:04:30 +0000] "GET /shades/sprint_images/511.jpg HTTP/1.1" 404 167 "http://localhost:3010/" "Mozilla/5.0 (Windows NT 10.0; Win64; x64) AppleWebKit/537.36 (KHTML, like Gecko) Chrome/63.0.3239.132 Safari/537.36"
::1 - - [08/Feb/2018:08:04:30 +0000] "GET /shades/sprint_images/512.jpg HTTP/1.1" 404 167 "http://localhost:3010/" "Mozilla/5.0 (Windows NT 10.0; Win64; x64) AppleWebKit/537.36 (KHTML, like Gecko) Chrome/63.0.3239.132 Safari/537.36"
::1 - - [08/Feb/2018:08:04:30 +0000] "GET /shades/sprint_images/513.jpg HTTP/1.1" 404 167 "http://localhost:3010/" "Mozilla/5.0 (Windows NT 10.0; Win64; x64) AppleWebKit/537.36 (KHTML, like Gecko) Chrome/63.0.3239.132 Safari/537.36"
::1 - - [08/Feb/2018:08:04:30 +0000] "POST /analytics/clusters HTTP/1.1" 200 104659 "http://localhost:3010/" "Mozilla/5.0 (Windows NT 10.0; Win64; x64) AppleWebKit/537.36 (KHTML, like Gecko) Chrome/63.0.3239.132 Safari/537.36"
::1 - - [08/Feb/2018:08:04:31 +0000] "POST /analytics/nearestFormula HTTP/1.1" 200 13022 "http://localhost:3010/" "Mozilla/5.0 (Windows NT 10.0; Win64; x64) AppleWebKit/537.36 (KHTML, like Gecko) Chrome/63.0.3239.132 Safari/537.36"
::1 - - [08/Feb/2018:08:04:48 +0000] "GET /Content/chose/bootstrap-chosen.css.map HTTP/1.1" 404 177 "-" "Mozilla/5.0 (Windows NT 10.0; Win64; x64) AppleWebKit/537.36 (KHTML, like Gecko) Chrome/63.0.3239.132 Safari/537.36"
::1 - - [08/Feb/2018:08:06:36 +0000] "POST /colorshade/range HTTP/1.1" - - "http://localhost:3010/" "Mozilla/5.0 (Windows NT 10.0; Win64; x64) AppleWebKit/537.36 (KHTML, like Gecko) Chrome/63.0.3239.132 Safari/537.36"
::1 - - [08/Feb/2018:08:08:36 +0000] "POST /colorshade/range HTTP/1.1" - - "http://localhost:3010/" "Mozilla/5.0 (Windows NT 10.0; Win64; x64) AppleWebKit/537.36 (KHTML, like Gecko) Chrome/63.0.3239.132 Safari/537.36"
::1 - - [08/Feb/2018:08:10:29 +0000] "POST /colorshade/range HTTP/1.1" 200 23083187 "http://localhost:3010/" "Mozilla/5.0 (Windows NT 10.0; Win64; x64) AppleWebKit/537.36 (KHTML, like Gecko) Chrome/63.0.3239.132 Safari/537.36"
::1 - - [08/Feb/2018:08:10:30 +0000] "GET /shades/sprint_images/620.jpg HTTP/1.1" 404 167 "http://localhost:3010/" "Mozilla/5.0 (Windows NT 10.0; Win64; x64) AppleWebKit/537.36 (KHTML, like Gecko) Chrome/63.0.3239.132 Safari/537.36"
::1 - - [08/Feb/2018:08:10:30 +0000] "GET /shades/sprint_images/380.jpg HTTP/1.1" 404 167 "http://localhost:3010/" "Mozilla/5.0 (Windows NT 10.0; Win64; x64) AppleWebKit/537.36 (KHTML, like Gecko) Chrome/63.0.3239.132 Safari/537.36"
::1 - - [08/Feb/2018:08:10:30 +0000] "GET /shades/sprint_images/383.jpg HTTP/1.1" 404 167 "http://localhost:3010/" "Mozilla/5.0 (Windows NT 10.0; Win64; x64) AppleWebKit/537.36 (KHTML, like Gecko) Chrome/63.0.3239.132 Safari/537.36"
::1 - - [08/Feb/2018:08:10:30 +0000] "GET /shades/sprint_images/384.jpg HTTP/1.1" 404 167 "http://localhost:3010/" "Mozilla/5.0 (Windows NT 10.0; Win64; x64) AppleWebKit/537.36 (KHTML, like Gecko) Chrome/63.0.3239.132 Safari/537.36"
::1 - - [08/Feb/2018:08:10:30 +0000] "GET /shades/sprint_images/385.jpg HTTP/1.1" 404 167 "http://localhost:3010/" "Mozilla/5.0 (Windows NT 10.0; Win64; x64) AppleWebKit/537.36 (KHTML, like Gecko) Chrome/63.0.3239.132 Safari/537.36"
::1 - - [08/Feb/2018:08:10:30 +0000] "GET /shades/sprint_images/386.jpg HTTP/1.1" 404 167 "http://localhost:3010/" "Mozilla/5.0 (Windows NT 10.0; Win64; x64) AppleWebKit/537.36 (KHTML, like Gecko) Chrome/63.0.3239.132 Safari/537.36"
::1 - - [08/Feb/2018:08:10:30 +0000] "GET /shades/sprint_images/387.jpg HTTP/1.1" 404 167 "http://localhost:3010/" "Mozilla/5.0 (Windows NT 10.0; Win64; x64) AppleWebKit/537.36 (KHTML, like Gecko) Chrome/63.0.3239.132 Safari/537.36"
::1 - - [08/Feb/2018:08:10:30 +0000] "GET /shades/sprint_images/388.jpg HTTP/1.1" 404 167 "http://localhost:3010/" "Mozilla/5.0 (Windows NT 10.0; Win64; x64) AppleWebKit/537.36 (KHTML, like Gecko) Chrome/63.0.3239.132 Safari/537.36"
::1 - - [08/Feb/2018:08:10:30 +0000] "GET /shades/sprint_images/389.jpg HTTP/1.1" 404 167 "http://localhost:3010/" "Mozilla/5.0 (Windows NT 10.0; Win64; x64) AppleWebKit/537.36 (KHTML, like Gecko) Chrome/63.0.3239.132 Safari/537.36"
::1 - - [08/Feb/2018:08:10:30 +0000] "GET /shades/sprint_images/390.jpg HTTP/1.1" 404 167 "http://localhost:3010/" "Mozilla/5.0 (Windows NT 10.0; Win64; x64) AppleWebKit/537.36 (KHTML, like Gecko) Chrome/63.0.3239.132 Safari/537.36"
::1 - - [08/Feb/2018:08:10:36 +0000] "POST /analytics/clusters HTTP/1.1" 200 1745177 "http://localhost:3010/" "Mozilla/5.0 (Windows NT 10.0; Win64; x64) AppleWebKit/537.36 (KHTML, like Gecko) Chrome/63.0.3239.132 Safari/537.36"
::1 - - [08/Feb/2018:08:10:40 +0000] "POST /analytics/nearestFormula HTTP/1.1" 200 13039 "http://localhost:3010/" "Mozilla/5.0 (Windows NT 10.0; Win64; x64) AppleWebKit/537.36 (KHTML, like Gecko) Chrome/63.0.3239.132 Safari/537.36"
::1 - - [08/Feb/2018:08:24:01 +0000] "GET /shades/sprint_images/620.jpg HTTP/1.1" 404 167 "http://localhost:3010/" "Mozilla/5.0 (Windows NT 10.0; Win64; x64) AppleWebKit/537.36 (KHTML, like Gecko) Chrome/63.0.3239.132 Safari/537.36"
::1 - - [08/Feb/2018:08:24:01 +0000] "GET /shades/sprint_images/380.jpg HTTP/1.1" 404 167 "http://localhost:3010/" "Mozilla/5.0 (Windows NT 10.0; Win64; x64) AppleWebKit/537.36 (KHTML, like Gecko) Chrome/63.0.3239.132 Safari/537.36"
::1 - - [08/Feb/2018:08:24:01 +0000] "GET /shades/sprint_images/383.jpg HTTP/1.1" 404 167 "http://localhost:3010/" "Mozilla/5.0 (Windows NT 10.0; Win64; x64) AppleWebKit/537.36 (KHTML, like Gecko) Chrome/63.0.3239.132 Safari/537.36"
::1 - - [08/Feb/2018:08:24:01 +0000] "GET /shades/sprint_images/384.jpg HTTP/1.1" 404 167 "http://localhost:3010/" "Mozilla/5.0 (Windows NT 10.0; Win64; x64) AppleWebKit/537.36 (KHTML, like Gecko) Chrome/63.0.3239.132 Safari/537.36"
::1 - - [08/Feb/2018:08:24:01 +0000] "GET /shades/sprint_images/385.jpg HTTP/1.1" 404 167 "http://localhost:3010/" "Mozilla/5.0 (Windows NT 10.0; Win64; x64) AppleWebKit/537.36 (KHTML, like Gecko) Chrome/63.0.3239.132 Safari/537.36"
::1 - - [08/Feb/2018:08:24:01 +0000] "GET /shades/sprint_images/386.jpg HTTP/1.1" 404 167 "http://localhost:3010/" "Mozilla/5.0 (Windows NT 10.0; Win64; x64) AppleWebKit/537.36 (KHTML, like Gecko) Chrome/63.0.3239.132 Safari/537.36"
::1 - - [08/Feb/2018:08:24:01 +0000] "GET /shades/sprint_images/387.jpg HTTP/1.1" 404 167 "http://localhost:3010/" "Mozilla/5.0 (Windows NT 10.0; Win64; x64) AppleWebKit/537.36 (KHTML, like Gecko) Chrome/63.0.3239.132 Safari/537.36"
::1 - - [08/Feb/2018:08:24:01 +0000] "GET /shades/sprint_images/388.jpg HTTP/1.1" 404 167 "http://localhost:3010/" "Mozilla/5.0 (Windows NT 10.0; Win64; x64) AppleWebKit/537.36 (KHTML, like Gecko) Chrome/63.0.3239.132 Safari/537.36"
::1 - - [08/Feb/2018:08:24:01 +0000] "GET /shades/sprint_images/389.jpg HTTP/1.1" 404 167 "http://localhost:3010/" "Mozilla/5.0 (Windows NT 10.0; Win64; x64) AppleWebKit/537.36 (KHTML, like Gecko) Chrome/63.0.3239.132 Safari/537.36"
::1 - - [08/Feb/2018:08:24:01 +0000] "GET /shades/sprint_images/390.jpg HTTP/1.1" 404 167 "http://localhost:3010/" "Mozilla/5.0 (Windows NT 10.0; Win64; x64) AppleWebKit/537.36 (KHTML, like Gecko) Chrome/63.0.3239.132 Safari/537.36"
::1 - - [08/Feb/2018:08:24:09 +0000] "GET / HTTP/1.1" 200 192849 "http://localhost:3010/" "Mozilla/5.0 (Windows NT 10.0; Win64; x64) AppleWebKit/537.36 (KHTML, like Gecko) Chrome/63.0.3239.132 Safari/537.36"
::1 - - [08/Feb/2018:08:24:10 +0000] "GET /shades/sprint_images/%7B%7BselectedData.Sprint_Id%7D%7D.jpg HTTP/1.1" 404 198 "http://localhost:3010/" "Mozilla/5.0 (Windows NT 10.0; Win64; x64) AppleWebKit/537.36 (KHTML, like Gecko) Chrome/63.0.3239.132 Safari/537.36"
::1 - - [08/Feb/2018:08:24:10 +0000] "GET /images/loading.gif HTTP/1.1" 404 157 "http://localhost:3010/Content/style.css" "Mozilla/5.0 (Windows NT 10.0; Win64; x64) AppleWebKit/537.36 (KHTML, like Gecko) Chrome/63.0.3239.132 Safari/537.36"
::1 - - [08/Feb/2018:08:24:10 +0000] "GET /fonts/glyphicons-halflings-regular.woff HTTP/1.1" 404 178 "http://localhost:3010/Content/bootstrap-new-Mian.css" "Mozilla/5.0 (Windows NT 10.0; Win64; x64) AppleWebKit/537.36 (KHTML, like Gecko) Chrome/63.0.3239.132 Safari/537.36"
::1 - - [08/Feb/2018:08:24:10 +0000] "GET /fonts/glyphicons-halflings-regular.ttf HTTP/1.1" 404 177 "http://localhost:3010/Content/bootstrap-new-Mian.css" "Mozilla/5.0 (Windows NT 10.0; Win64; x64) AppleWebKit/537.36 (KHTML, like Gecko) Chrome/63.0.3239.132 Safari/537.36"
::1 - - [08/Feb/2018:08:24:11 +0000] "GET /images/sort_both.png HTTP/1.1" 404 159 "http://localhost:3010/Content/jquery.dataTables.min.css" "Mozilla/5.0 (Windows NT 10.0; Win64; x64) AppleWebKit/537.36 (KHTML, like Gecko) Chrome/63.0.3239.132 Safari/537.36"
::1 - - [08/Feb/2018:08:24:11 +0000] "GET /loginUserDetails/ HTTP/1.1" 200 258 "http://localhost:3010/" "Mozilla/5.0 (Windows NT 10.0; Win64; x64) AppleWebKit/537.36 (KHTML, like Gecko) Chrome/63.0.3239.132 Safari/537.36"
::1 - - [08/Feb/2018:08:24:11 +0000] "GET /favicon.ico HTTP/1.1" 404 150 "http://localhost:3010/" "Mozilla/5.0 (Windows NT 10.0; Win64; x64) AppleWebKit/537.36 (KHTML, like Gecko) Chrome/63.0.3239.132 Safari/537.36"
::1 - - [08/Feb/2018:08:24:11 +0000] "GET /images/sort_asc.png HTTP/1.1" 404 158 "http://localhost:3010/Content/jquery.dataTables.min.css" "Mozilla/5.0 (Windows NT 10.0; Win64; x64) AppleWebKit/537.36 (KHTML, like Gecko) Chrome/63.0.3239.132 Safari/537.36"
::1 - - [08/Feb/2018:08:24:13 +0000] "GET /getLogs/superadmin HTTP/1.1" 200 - "http://localhost:3010/" "Mozilla/5.0 (Windows NT 10.0; Win64; x64) AppleWebKit/537.36 (KHTML, like Gecko) Chrome/63.0.3239.132 Safari/537.36"
::1 - - [08/Feb/2018:08:25:14 +0000] "GET /defaultBindValues/ HTTP/1.1" 200 2135 "http://localhost:3010/" "Mozilla/5.0 (Windows NT 10.0; Win64; x64) AppleWebKit/537.36 (KHTML, like Gecko) Chrome/63.0.3239.132 Safari/537.36"
::1 - - [08/Feb/2018:08:25:20 +0000] "POST /colorshade/range HTTP/1.1" 200 607818 "http://localhost:3010/" "Mozilla/5.0 (Windows NT 10.0; Win64; x64) AppleWebKit/537.36 (KHTML, like Gecko) Chrome/63.0.3239.132 Safari/537.36"
::1 - - [08/Feb/2018:08:25:21 +0000] "GET /shades/sprint_images/7568.jpg HTTP/1.1" 404 168 "http://localhost:3010/" "Mozilla/5.0 (Windows NT 10.0; Win64; x64) AppleWebKit/537.36 (KHTML, like Gecko) Chrome/63.0.3239.132 Safari/537.36"
::1 - - [08/Feb/2018:08:25:21 +0000] "GET /shades/sprint_images/391.jpg HTTP/1.1" 404 167 "http://localhost:3010/" "Mozilla/5.0 (Windows NT 10.0; Win64; x64) AppleWebKit/537.36 (KHTML, like Gecko) Chrome/63.0.3239.132 Safari/537.36"
::1 - - [08/Feb/2018:08:25:21 +0000] "GET /shades/sprint_images/394.jpg HTTP/1.1" 404 167 "http://localhost:3010/" "Mozilla/5.0 (Windows NT 10.0; Win64; x64) AppleWebKit/537.36 (KHTML, like Gecko) Chrome/63.0.3239.132 Safari/537.36"
::1 - - [08/Feb/2018:08:25:21 +0000] "GET /shades/sprint_images/442.jpg HTTP/1.1" 404 167 "http://localhost:3010/" "Mozilla/5.0 (Windows NT 10.0; Win64; x64) AppleWebKit/537.36 (KHTML, like Gecko) Chrome/63.0.3239.132 Safari/537.36"
::1 - - [08/Feb/2018:08:25:21 +0000] "GET /shades/sprint_images/443.jpg HTTP/1.1" 404 167 "http://localhost:3010/" "Mozilla/5.0 (Windows NT 10.0; Win64; x64) AppleWebKit/537.36 (KHTML, like Gecko) Chrome/63.0.3239.132 Safari/537.36"
::1 - - [08/Feb/2018:08:25:21 +0000] "GET /shades/sprint_images/511.jpg HTTP/1.1" 404 167 "http://localhost:3010/" "Mozilla/5.0 (Windows NT 10.0; Win64; x64) AppleWebKit/537.36 (KHTML, like Gecko) Chrome/63.0.3239.132 Safari/537.36"
::1 - - [08/Feb/2018:08:25:21 +0000] "GET /shades/sprint_images/512.jpg HTTP/1.1" 404 167 "http://localhost:3010/" "Mozilla/5.0 (Windows NT 10.0; Win64; x64) AppleWebKit/537.36 (KHTML, like Gecko) Chrome/63.0.3239.132 Safari/537.36"
::1 - - [08/Feb/2018:08:25:21 +0000] "GET /shades/sprint_images/513.jpg HTTP/1.1" 404 167 "http://localhost:3010/" "Mozilla/5.0 (Windows NT 10.0; Win64; x64) AppleWebKit/537.36 (KHTML, like Gecko) Chrome/63.0.3239.132 Safari/537.36"
::1 - - [08/Feb/2018:08:25:21 +0000] "GET /shades/sprint_images/514.jpg HTTP/1.1" 404 167 "http://localhost:3010/" "Mozilla/5.0 (Windows NT 10.0; Win64; x64) AppleWebKit/537.36 (KHTML, like Gecko) Chrome/63.0.3239.132 Safari/537.36"
::1 - - [08/Feb/2018:08:25:21 +0000] "GET /shades/sprint_images/748.jpg HTTP/1.1" 404 167 "http://localhost:3010/" "Mozilla/5.0 (Windows NT 10.0; Win64; x64) AppleWebKit/537.36 (KHTML, like Gecko) Chrome/63.0.3239.132 Safari/537.36"
::1 - - [08/Feb/2018:08:25:21 +0000] "GET /statistics HTTP/1.1" 200 - "http://localhost:3010/" "Mozilla/5.0 (Windows NT 10.0; Win64; x64) AppleWebKit/537.36 (KHTML, like Gecko) Chrome/63.0.3239.132 Safari/537.36"
::1 - - [08/Feb/2018:08:25:21 +0000] "POST /analytics/clusters HTTP/1.1" 200 45150 "http://localhost:3010/" "Mozilla/5.0 (Windows NT 10.0; Win64; x64) AppleWebKit/537.36 (KHTML, like Gecko) Chrome/63.0.3239.132 Safari/537.36"
::1 - - [08/Feb/2018:08:25:21 +0000] "POST /analytics/nearestFormula HTTP/1.1" 200 13141 "http://localhost:3010/" "Mozilla/5.0 (Windows NT 10.0; Win64; x64) AppleWebKit/537.36 (KHTML, like Gecko) Chrome/63.0.3239.132 Safari/537.36"
::1 - - [08/Feb/2018:09:39:05 +0000] "GET / HTTP/1.1" 200 3887 "-" "Mozilla/5.0 (Windows NT 10.0; Win64; x64; rv:58.0) Gecko/20100101 Firefox/58.0"
::1 - - [08/Feb/2018:09:39:10 +0000] "POST /login HTTP/1.1" 200 258 "http://localhost:3010/" "Mozilla/5.0 (Windows NT 10.0; Win64; x64; rv:58.0) Gecko/20100101 Firefox/58.0"
::1 - - [08/Feb/2018:09:39:10 +0000] "GET / HTTP/1.1" 200 192849 "http://localhost:3010/" "Mozilla/5.0 (Windows NT 10.0; Win64; x64; rv:58.0) Gecko/20100101 Firefox/58.0"
::1 - - [08/Feb/2018:09:39:11 +0000] "GET /shades/sprint_images/%7B%7BselectedData.Sprint_Id%7D%7D.jpg HTTP/1.1" 404 198 "http://localhost:3010/" "Mozilla/5.0 (Windows NT 10.0; Win64; x64; rv:58.0) Gecko/20100101 Firefox/58.0"
::1 - - [08/Feb/2018:09:39:11 +0000] "GET /images/loading.gif HTTP/1.1" 404 157 "http://localhost:3010/Content/style.css" "Mozilla/5.0 (Windows NT 10.0; Win64; x64; rv:58.0) Gecko/20100101 Firefox/58.0"
::1 - - [08/Feb/2018:09:39:13 +0000] "GET /loginUserDetails/ HTTP/1.1" 200 258 "http://localhost:3010/" "Mozilla/5.0 (Windows NT 10.0; Win64; x64; rv:58.0) Gecko/20100101 Firefox/58.0"
::1 - - [08/Feb/2018:09:39:13 +0000] "GET /images/sort_both.png HTTP/1.1" 404 159 "http://localhost:3010/Content/jquery.dataTables.min.css" "Mozilla/5.0 (Windows NT 10.0; Win64; x64; rv:58.0) Gecko/20100101 Firefox/58.0"
::1 - - [08/Feb/2018:09:39:14 +0000] "GET /images/sort_asc.png HTTP/1.1" 404 158 "http://localhost:3010/Content/jquery.dataTables.min.css" "Mozilla/5.0 (Windows NT 10.0; Win64; x64; rv:58.0) Gecko/20100101 Firefox/58.0"
::1 - - [08/Feb/2018:09:39:15 +0000] "GET /defaultBindValues/ HTTP/1.1" 200 139 "http://localhost:3010/" "Mozilla/5.0 (Windows NT 10.0; Win64; x64; rv:58.0) Gecko/20100101 Firefox/58.0"
::1 - - [08/Feb/2018:09:39:15 +0000] "GET /getLogs/superadmin HTTP/1.1" 200 - "http://localhost:3010/" "Mozilla/5.0 (Windows NT 10.0; Win64; x64; rv:58.0) Gecko/20100101 Firefox/58.0"
::1 - - [08/Feb/2018:09:39:17 +0000] "GET /statistics HTTP/1.1" 200 - "http://localhost:3010/" "Mozilla/5.0 (Windows NT 10.0; Win64; x64; rv:58.0) Gecko/20100101 Firefox/58.0"
::1 - - [08/Feb/2018:09:39:28 +0000] "POST /fileupload HTTP/1.1" 200 - "http://localhost:3010/" "Mozilla/5.0 (Windows NT 10.0; Win64; x64; rv:58.0) Gecko/20100101 Firefox/58.0"
::1 - - [08/Feb/2018:09:40:50 +0000] "GET / HTTP/1.1" 200 3887 "-" "Mozilla/5.0 (Windows NT 10.0; Win64; x64; rv:58.0) Gecko/20100101 Firefox/58.0"
::1 - - [08/Feb/2018:09:40:52 +0000] "POST /login HTTP/1.1" 200 258 "http://localhost:3010/" "Mozilla/5.0 (Windows NT 10.0; Win64; x64; rv:58.0) Gecko/20100101 Firefox/58.0"
::1 - - [08/Feb/2018:09:40:52 +0000] "GET / HTTP/1.1" 200 192849 "http://localhost:3010/" "Mozilla/5.0 (Windows NT 10.0; Win64; x64; rv:58.0) Gecko/20100101 Firefox/58.0"
::1 - - [08/Feb/2018:09:40:53 +0000] "GET /shades/sprint_images/%7B%7BselectedData.Sprint_Id%7D%7D.jpg HTTP/1.1" 404 198 "http://localhost:3010/" "Mozilla/5.0 (Windows NT 10.0; Win64; x64; rv:58.0) Gecko/20100101 Firefox/58.0"
::1 - - [08/Feb/2018:09:40:53 +0000] "GET /shades/sprint_images/%7B%7BselectedData.Sprint_Id%7D%7D.jpg HTTP/1.1" 404 198 "http://localhost:3010/" "Mozilla/5.0 (Windows NT 10.0; Win64; x64; rv:58.0) Gecko/20100101 Firefox/58.0"
::1 - - [08/Feb/2018:09:40:53 +0000] "GET /images/loading.gif HTTP/1.1" 404 157 "http://localhost:3010/Content/style.css" "Mozilla/5.0 (Windows NT 10.0; Win64; x64; rv:58.0) Gecko/20100101 Firefox/58.0"
::1 - - [08/Feb/2018:09:40:54 +0000] "GET /images/sort_both.png HTTP/1.1" 404 159 "http://localhost:3010/Content/jquery.dataTables.min.css" "Mozilla/5.0 (Windows NT 10.0; Win64; x64; rv:58.0) Gecko/20100101 Firefox/58.0"
::1 - - [08/Feb/2018:09:40:54 +0000] "GET /loginUserDetails/ HTTP/1.1" 304 - "http://localhost:3010/" "Mozilla/5.0 (Windows NT 10.0; Win64; x64; rv:58.0) Gecko/20100101 Firefox/58.0"
::1 - - [08/Feb/2018:09:40:55 +0000] "GET /images/sort_asc.png HTTP/1.1" 404 158 "http://localhost:3010/Content/jquery.dataTables.min.css" "Mozilla/5.0 (Windows NT 10.0; Win64; x64; rv:58.0) Gecko/20100101 Firefox/58.0"
::1 - - [08/Feb/2018:09:40:56 +0000] "GET /defaultBindValues/ HTTP/1.1" 304 - "http://localhost:3010/" "Mozilla/5.0 (Windows NT 10.0; Win64; x64; rv:58.0) Gecko/20100101 Firefox/58.0"
::1 - - [08/Feb/2018:09:40:56 +0000] "GET /getLogs/superadmin HTTP/1.1" 200 - "http://localhost:3010/" "Mozilla/5.0 (Windows NT 10.0; Win64; x64; rv:58.0) Gecko/20100101 Firefox/58.0"
::1 - - [08/Feb/2018:09:40:58 +0000] "GET /statistics HTTP/1.1" 200 - "http://localhost:3010/" "Mozilla/5.0 (Windows NT 10.0; Win64; x64; rv:58.0) Gecko/20100101 Firefox/58.0"
::1 - - [08/Feb/2018:09:41:08 +0000] "POST /fileupload HTTP/1.1" 200 - "http://localhost:3010/" "Mozilla/5.0 (Windows NT 10.0; Win64; x64; rv:58.0) Gecko/20100101 Firefox/58.0"
::1 - - [14/Feb/2018:04:43:41 +0000] "GET / HTTP/1.1" 200 3887 "-" "Mozilla/5.0 (Windows NT 10.0; Win64; x64; rv:58.0) Gecko/20100101 Firefox/58.0"
::1 - - [14/Feb/2018:04:43:41 +0000] "GET /favicon.ico HTTP/1.1" 404 150 "-" "Mozilla/5.0 (Windows NT 10.0; Win64; x64; rv:58.0) Gecko/20100101 Firefox/58.0"
::1 - - [14/Feb/2018:04:44:23 +0000] "GET / HTTP/1.1" 200 3887 "-" "Mozilla/5.0 (Windows NT 10.0; Win64; x64; rv:58.0) Gecko/20100101 Firefox/58.0"
::1 - - [14/Feb/2018:04:44:54 +0000] "POST /login HTTP/1.1" - - "http://localhost:3010/" "Mozilla/5.0 (Windows NT 10.0; Win64; x64; rv:58.0) Gecko/20100101 Firefox/58.0"
::1 - - [14/Feb/2018:04:44:54 +0000] "POST /login HTTP/1.1" - - "http://localhost:3010/" "Mozilla/5.0 (Windows NT 10.0; Win64; x64; rv:58.0) Gecko/20100101 Firefox/58.0"
::1 - - [14/Feb/2018:04:44:54 +0000] "POST /login HTTP/1.1" - - "http://localhost:3010/" "Mozilla/5.0 (Windows NT 10.0; Win64; x64; rv:58.0) Gecko/20100101 Firefox/58.0"
::1 - - [14/Feb/2018:04:44:54 +0000] "POST /login HTTP/1.1" - - "http://localhost:3010/" "Mozilla/5.0 (Windows NT 10.0; Win64; x64; rv:58.0) Gecko/20100101 Firefox/58.0"
::1 - - [14/Feb/2018:04:44:54 +0000] "GET / HTTP/1.1" 200 3887 "-" "Mozilla/5.0 (Windows NT 10.0; Win64; x64; rv:58.0) Gecko/20100101 Firefox/58.0"
::1 - - [14/Feb/2018:04:46:57 +0000] "POST /login HTTP/1.1" - - "http://localhost:3010/" "Mozilla/5.0 (Windows NT 10.0; Win64; x64; rv:58.0) Gecko/20100101 Firefox/58.0"
::1 - - [14/Feb/2018:04:46:58 +0000] "POST /login HTTP/1.1" - - "http://localhost:3010/" "Mozilla/5.0 (Windows NT 10.0; Win64; x64; rv:58.0) Gecko/20100101 Firefox/58.0"
::1 - - [14/Feb/2018:04:46:58 +0000] "POST /login HTTP/1.1" - - "http://localhost:3010/" "Mozilla/5.0 (Windows NT 10.0; Win64; x64; rv:58.0) Gecko/20100101 Firefox/58.0"
::1 - - [14/Feb/2018:04:46:58 +0000] "POST /login HTTP/1.1" - - "http://localhost:3010/" "Mozilla/5.0 (Windows NT 10.0; Win64; x64; rv:58.0) Gecko/20100101 Firefox/58.0"
::1 - - [14/Feb/2018:04:46:59 +0000] "POST /login HTTP/1.1" - - "http://localhost:3010/" "Mozilla/5.0 (Windows NT 10.0; Win64; x64; rv:58.0) Gecko/20100101 Firefox/58.0"
::1 - - [14/Feb/2018:04:46:59 +0000] "POST /login HTTP/1.1" - - "http://localhost:3010/" "Mozilla/5.0 (Windows NT 10.0; Win64; x64; rv:58.0) Gecko/20100101 Firefox/58.0"
::1 - - [14/Feb/2018:04:46:59 +0000] "POST /login HTTP/1.1" - - "http://localhost:3010/" "Mozilla/5.0 (Windows NT 10.0; Win64; x64; rv:58.0) Gecko/20100101 Firefox/58.0"
::1 - - [14/Feb/2018:04:48:36 +0000] "GET / HTTP/1.1" 200 3887 "-" "Mozilla/5.0 (Windows NT 10.0; Win64; x64; rv:58.0) Gecko/20100101 Firefox/58.0"
::1 - - [14/Feb/2018:04:48:40 +0000] "POST /login HTTP/1.1" 200 258 "http://localhost:3010/" "Mozilla/5.0 (Windows NT 10.0; Win64; x64; rv:58.0) Gecko/20100101 Firefox/58.0"
::1 - - [14/Feb/2018:04:48:40 +0000] "GET / HTTP/1.1" 200 192849 "http://localhost:3010/" "Mozilla/5.0 (Windows NT 10.0; Win64; x64; rv:58.0) Gecko/20100101 Firefox/58.0"
::1 - - [14/Feb/2018:04:48:41 +0000] "GET /shades/sprint_images/%7B%7BselectedData.Sprint_Id%7D%7D.jpg HTTP/1.1" 404 198 "http://localhost:3010/" "Mozilla/5.0 (Windows NT 10.0; Win64; x64; rv:58.0) Gecko/20100101 Firefox/58.0"
::1 - - [14/Feb/2018:04:48:42 +0000] "GET /shades/sprint_images/%7B%7BselectedData.Sprint_Id%7D%7D.jpg HTTP/1.1" 404 198 "http://localhost:3010/" "Mozilla/5.0 (Windows NT 10.0; Win64; x64; rv:58.0) Gecko/20100101 Firefox/58.0"
::1 - - [14/Feb/2018:04:48:42 +0000] "GET /images/loading.gif HTTP/1.1" 404 157 "http://localhost:3010/Content/style.css" "Mozilla/5.0 (Windows NT 10.0; Win64; x64; rv:58.0) Gecko/20100101 Firefox/58.0"
::1 - - [14/Feb/2018:04:48:43 +0000] "GET /loginUserDetails/ HTTP/1.1" 200 258 "http://localhost:3010/" "Mozilla/5.0 (Windows NT 10.0; Win64; x64; rv:58.0) Gecko/20100101 Firefox/58.0"
::1 - - [14/Feb/2018:04:48:43 +0000] "GET /images/sort_both.png HTTP/1.1" 404 159 "http://localhost:3010/Content/jquery.dataTables.min.css" "Mozilla/5.0 (Windows NT 10.0; Win64; x64; rv:58.0) Gecko/20100101 Firefox/58.0"
::1 - - [14/Feb/2018:04:48:44 +0000] "GET /images/sort_asc.png HTTP/1.1" 404 158 "http://localhost:3010/Content/jquery.dataTables.min.css" "Mozilla/5.0 (Windows NT 10.0; Win64; x64; rv:58.0) Gecko/20100101 Firefox/58.0"
::1 - - [14/Feb/2018:04:48:45 +0000] "GET /getLogs/superadmin HTTP/1.1" 200 - "http://localhost:3010/" "Mozilla/5.0 (Windows NT 10.0; Win64; x64; rv:58.0) Gecko/20100101 Firefox/58.0"
::1 - - [14/Feb/2018:04:49:10 +0000] "GET /defaultBindValues/ HTTP/1.1" 200 1089 "http://localhost:3010/" "Mozilla/5.0 (Windows NT 10.0; Win64; x64; rv:58.0) Gecko/20100101 Firefox/58.0"
::1 - - [14/Feb/2018:04:49:13 +0000] "GET /statistics HTTP/1.1" 200 - "http://localhost:3010/" "Mozilla/5.0 (Windows NT 10.0; Win64; x64; rv:58.0) Gecko/20100101 Firefox/58.0"
::1 - - [14/Feb/2018:04:49:14 +0000] "POST /colorshade/range HTTP/1.1" 200 300139 "http://localhost:3010/" "Mozilla/5.0 (Windows NT 10.0; Win64; x64; rv:58.0) Gecko/20100101 Firefox/58.0"
::1 - - [14/Feb/2018:04:49:14 +0000] "GET /shades/sprint_images/12.jpg HTTP/1.1" 404 166 "http://localhost:3010/" "Mozilla/5.0 (Windows NT 10.0; Win64; x64; rv:58.0) Gecko/20100101 Firefox/58.0"
::1 - - [14/Feb/2018:04:49:14 +0000] "GET /shades/sprint_images/14.jpg HTTP/1.1" 404 166 "http://localhost:3010/" "Mozilla/5.0 (Windows NT 10.0; Win64; x64; rv:58.0) Gecko/20100101 Firefox/58.0"
::1 - - [14/Feb/2018:04:49:14 +0000] "GET /shades/sprint_images/15.jpg HTTP/1.1" 404 166 "http://localhost:3010/" "Mozilla/5.0 (Windows NT 10.0; Win64; x64; rv:58.0) Gecko/20100101 Firefox/58.0"
::1 - - [14/Feb/2018:04:49:14 +0000] "GET /shades/sprint_images/63.jpg HTTP/1.1" 404 166 "http://localhost:3010/" "Mozilla/5.0 (Windows NT 10.0; Win64; x64; rv:58.0) Gecko/20100101 Firefox/58.0"
::1 - - [14/Feb/2018:04:49:14 +0000] "GET /shades/sprint_images/64.jpg HTTP/1.1" 404 166 "http://localhost:3010/" "Mozilla/5.0 (Windows NT 10.0; Win64; x64; rv:58.0) Gecko/20100101 Firefox/58.0"
::1 - - [14/Feb/2018:04:49:14 +0000] "GET /shades/sprint_images/132.jpg HTTP/1.1" 404 167 "http://localhost:3010/" "Mozilla/5.0 (Windows NT 10.0; Win64; x64; rv:58.0) Gecko/20100101 Firefox/58.0"
::1 - - [14/Feb/2018:04:49:14 +0000] "GET /shades/sprint_images/133.jpg HTTP/1.1" 404 167 "http://localhost:3010/" "Mozilla/5.0 (Windows NT 10.0; Win64; x64; rv:58.0) Gecko/20100101 Firefox/58.0"
::1 - - [14/Feb/2018:04:49:15 +0000] "GET /shades/sprint_images/134.jpg HTTP/1.1" 404 167 "http://localhost:3010/" "Mozilla/5.0 (Windows NT 10.0; Win64; x64; rv:58.0) Gecko/20100101 Firefox/58.0"
::1 - - [14/Feb/2018:04:49:15 +0000] "GET /shades/sprint_images/135.jpg HTTP/1.1" 404 167 "http://localhost:3010/" "Mozilla/5.0 (Windows NT 10.0; Win64; x64; rv:58.0) Gecko/20100101 Firefox/58.0"
::1 - - [14/Feb/2018:04:49:15 +0000] "GET /shades/sprint_images/369.jpg HTTP/1.1" 404 167 "http://localhost:3010/" "Mozilla/5.0 (Windows NT 10.0; Win64; x64; rv:58.0) Gecko/20100101 Firefox/58.0"
::1 - - [14/Feb/2018:04:49:16 +0000] "POST /analytics/clusters HTTP/1.1" 200 22301 "http://localhost:3010/" "Mozilla/5.0 (Windows NT 10.0; Win64; x64; rv:58.0) Gecko/20100101 Firefox/58.0"
::1 - - [14/Feb/2018:04:49:16 +0000] "POST /analytics/nearestFormula HTTP/1.1" 200 13047 "http://localhost:3010/" "Mozilla/5.0 (Windows NT 10.0; Win64; x64; rv:58.0) Gecko/20100101 Firefox/58.0"
::1 - - [14/Feb/2018:04:51:44 +0000] "GET / HTTP/1.1" 200 3887 "http://localhost:3010/" "Mozilla/5.0 (Windows NT 10.0; Win64; x64; rv:58.0) Gecko/20100101 Firefox/58.0"
::1 - - [14/Feb/2018:04:51:47 +0000] "POST /login HTTP/1.1" 200 258 "http://localhost:3010/" "Mozilla/5.0 (Windows NT 10.0; Win64; x64; rv:58.0) Gecko/20100101 Firefox/58.0"
::1 - - [14/Feb/2018:04:51:47 +0000] "GET / HTTP/1.1" 200 192849 "http://localhost:3010/" "Mozilla/5.0 (Windows NT 10.0; Win64; x64; rv:58.0) Gecko/20100101 Firefox/58.0"
::1 - - [14/Feb/2018:04:51:47 +0000] "GET /shades/sprint_images/%7B%7BselectedData.Sprint_Id%7D%7D.jpg HTTP/1.1" 404 198 "http://localhost:3010/" "Mozilla/5.0 (Windows NT 10.0; Win64; x64; rv:58.0) Gecko/20100101 Firefox/58.0"
::1 - - [14/Feb/2018:04:51:48 +0000] "GET /shades/sprint_images/%7B%7BselectedData.Sprint_Id%7D%7D.jpg HTTP/1.1" 404 198 "http://localhost:3010/" "Mozilla/5.0 (Windows NT 10.0; Win64; x64; rv:58.0) Gecko/20100101 Firefox/58.0"
::1 - - [14/Feb/2018:04:51:48 +0000] "GET /images/loading.gif HTTP/1.1" 404 157 "http://localhost:3010/Content/style.css" "Mozilla/5.0 (Windows NT 10.0; Win64; x64; rv:58.0) Gecko/20100101 Firefox/58.0"
::1 - - [14/Feb/2018:04:51:49 +0000] "GET /loginUserDetails/ HTTP/1.1" 304 - "http://localhost:3010/" "Mozilla/5.0 (Windows NT 10.0; Win64; x64; rv:58.0) Gecko/20100101 Firefox/58.0"
::1 - - [14/Feb/2018:04:51:49 +0000] "GET /images/sort_both.png HTTP/1.1" 404 159 "http://localhost:3010/Content/jquery.dataTables.min.css" "Mozilla/5.0 (Windows NT 10.0; Win64; x64; rv:58.0) Gecko/20100101 Firefox/58.0"
::1 - - [14/Feb/2018:04:51:50 +0000] "GET /getLogs/superadmin HTTP/1.1" 200 - "http://localhost:3010/" "Mozilla/5.0 (Windows NT 10.0; Win64; x64; rv:58.0) Gecko/20100101 Firefox/58.0"
::1 - - [14/Feb/2018:04:51:50 +0000] "GET /images/sort_asc.png HTTP/1.1" 404 158 "http://localhost:3010/Content/jquery.dataTables.min.css" "Mozilla/5.0 (Windows NT 10.0; Win64; x64; rv:58.0) Gecko/20100101 Firefox/58.0"
::1 - - [14/Feb/2018:04:51:57 +0000] "GET /defaultBindValues/ HTTP/1.1" 304 - "http://localhost:3010/" "Mozilla/5.0 (Windows NT 10.0; Win64; x64; rv:58.0) Gecko/20100101 Firefox/58.0"
::1 - - [14/Feb/2018:04:52:00 +0000] "GET /statistics HTTP/1.1" 200 - "http://localhost:3010/" "Mozilla/5.0 (Windows NT 10.0; Win64; x64; rv:58.0) Gecko/20100101 Firefox/58.0"
::1 - - [14/Feb/2018:04:52:01 +0000] "POST /colorshade/range HTTP/1.1" 200 300139 "http://localhost:3010/" "Mozilla/5.0 (Windows NT 10.0; Win64; x64; rv:58.0) Gecko/20100101 Firefox/58.0"
::1 - - [14/Feb/2018:04:52:01 +0000] "GET /shades/sprint_images/12.jpg HTTP/1.1" 404 166 "http://localhost:3010/" "Mozilla/5.0 (Windows NT 10.0; Win64; x64; rv:58.0) Gecko/20100101 Firefox/58.0"
::1 - - [14/Feb/2018:04:52:01 +0000] "GET /shades/sprint_images/14.jpg HTTP/1.1" 404 166 "http://localhost:3010/" "Mozilla/5.0 (Windows NT 10.0; Win64; x64; rv:58.0) Gecko/20100101 Firefox/58.0"
::1 - - [14/Feb/2018:04:52:01 +0000] "GET /shades/sprint_images/15.jpg HTTP/1.1" 404 166 "http://localhost:3010/" "Mozilla/5.0 (Windows NT 10.0; Win64; x64; rv:58.0) Gecko/20100101 Firefox/58.0"
::1 - - [14/Feb/2018:04:52:01 +0000] "GET /shades/sprint_images/63.jpg HTTP/1.1" 404 166 "http://localhost:3010/" "Mozilla/5.0 (Windows NT 10.0; Win64; x64; rv:58.0) Gecko/20100101 Firefox/58.0"
::1 - - [14/Feb/2018:04:52:01 +0000] "GET /shades/sprint_images/64.jpg HTTP/1.1" 404 166 "http://localhost:3010/" "Mozilla/5.0 (Windows NT 10.0; Win64; x64; rv:58.0) Gecko/20100101 Firefox/58.0"
::1 - - [14/Feb/2018:04:52:01 +0000] "GET /shades/sprint_images/132.jpg HTTP/1.1" 404 167 "http://localhost:3010/" "Mozilla/5.0 (Windows NT 10.0; Win64; x64; rv:58.0) Gecko/20100101 Firefox/58.0"
::1 - - [14/Feb/2018:04:52:01 +0000] "GET /shades/sprint_images/133.jpg HTTP/1.1" 404 167 "http://localhost:3010/" "Mozilla/5.0 (Windows NT 10.0; Win64; x64; rv:58.0) Gecko/20100101 Firefox/58.0"
::1 - - [14/Feb/2018:04:52:01 +0000] "GET /shades/sprint_images/134.jpg HTTP/1.1" 404 167 "http://localhost:3010/" "Mozilla/5.0 (Windows NT 10.0; Win64; x64; rv:58.0) Gecko/20100101 Firefox/58.0"
::1 - - [14/Feb/2018:04:52:01 +0000] "GET /shades/sprint_images/135.jpg HTTP/1.1" 404 167 "http://localhost:3010/" "Mozilla/5.0 (Windows NT 10.0; Win64; x64; rv:58.0) Gecko/20100101 Firefox/58.0"
::1 - - [14/Feb/2018:04:52:01 +0000] "GET /shades/sprint_images/369.jpg HTTP/1.1" 404 167 "http://localhost:3010/" "Mozilla/5.0 (Windows NT 10.0; Win64; x64; rv:58.0) Gecko/20100101 Firefox/58.0"
::1 - - [14/Feb/2018:04:52:01 +0000] "POST /analytics/clusters HTTP/1.1" 200 22301 "http://localhost:3010/" "Mozilla/5.0 (Windows NT 10.0; Win64; x64; rv:58.0) Gecko/20100101 Firefox/58.0"
::1 - - [14/Feb/2018:04:52:01 +0000] "POST /analytics/nearestFormula HTTP/1.1" 200 13047 "http://localhost:3010/" "Mozilla/5.0 (Windows NT 10.0; Win64; x64; rv:58.0) Gecko/20100101 Firefox/58.0"
::1 - - [14/Feb/2018:04:53:18 +0000] "POST /colorshade/fullData HTTP/1.1" 200 11154856 "http://localhost:3010/" "Mozilla/5.0 (Windows NT 10.0; Win64; x64; rv:58.0) Gecko/20100101 Firefox/58.0"
::1 - - [14/Feb/2018:04:53:19 +0000] "GET /shades/sprint_images/1.jpg HTTP/1.1" 404 165 "http://localhost:3010/" "Mozilla/5.0 (Windows NT 10.0; Win64; x64; rv:58.0) Gecko/20100101 Firefox/58.0"
::1 - - [14/Feb/2018:04:53:19 +0000] "GET /shades/sprint_images/2.jpg HTTP/1.1" 404 165 "http://localhost:3010/" "Mozilla/5.0 (Windows NT 10.0; Win64; x64; rv:58.0) Gecko/20100101 Firefox/58.0"
::1 - - [14/Feb/2018:04:53:19 +0000] "GET /shades/sprint_images/3.jpg HTTP/1.1" 404 165 "http://localhost:3010/" "Mozilla/5.0 (Windows NT 10.0; Win64; x64; rv:58.0) Gecko/20100101 Firefox/58.0"
::1 - - [14/Feb/2018:04:53:19 +0000] "GET /shades/sprint_images/4.jpg HTTP/1.1" 404 165 "http://localhost:3010/" "Mozilla/5.0 (Windows NT 10.0; Win64; x64; rv:58.0) Gecko/20100101 Firefox/58.0"
::1 - - [14/Feb/2018:04:53:19 +0000] "GET /shades/sprint_images/5.jpg HTTP/1.1" 404 165 "http://localhost:3010/" "Mozilla/5.0 (Windows NT 10.0; Win64; x64; rv:58.0) Gecko/20100101 Firefox/58.0"
::1 - - [14/Feb/2018:04:53:19 +0000] "GET /shades/sprint_images/6.jpg HTTP/1.1" 404 165 "http://localhost:3010/" "Mozilla/5.0 (Windows NT 10.0; Win64; x64; rv:58.0) Gecko/20100101 Firefox/58.0"
::1 - - [14/Feb/2018:04:53:19 +0000] "GET /shades/sprint_images/7.jpg HTTP/1.1" 404 165 "http://localhost:3010/" "Mozilla/5.0 (Windows NT 10.0; Win64; x64; rv:58.0) Gecko/20100101 Firefox/58.0"
::1 - - [14/Feb/2018:04:53:19 +0000] "GET /shades/sprint_images/8.jpg HTTP/1.1" 404 165 "http://localhost:3010/" "Mozilla/5.0 (Windows NT 10.0; Win64; x64; rv:58.0) Gecko/20100101 Firefox/58.0"
::1 - - [14/Feb/2018:04:53:19 +0000] "GET /shades/sprint_images/9.jpg HTTP/1.1" 404 165 "http://localhost:3010/" "Mozilla/5.0 (Windows NT 10.0; Win64; x64; rv:58.0) Gecko/20100101 Firefox/58.0"
::1 - - [14/Feb/2018:04:53:19 +0000] "GET /shades/sprint_images/10.jpg HTTP/1.1" 404 166 "http://localhost:3010/" "Mozilla/5.0 (Windows NT 10.0; Win64; x64; rv:58.0) Gecko/20100101 Firefox/58.0"
::1 - - [14/Feb/2018:04:53:22 +0000] "POST /analytics/clusters HTTP/1.1" 200 844210 "http://localhost:3010/" "Mozilla/5.0 (Windows NT 10.0; Win64; x64; rv:58.0) Gecko/20100101 Firefox/58.0"
::1 - - [14/Feb/2018:04:53:23 +0000] "POST /analytics/nearestFormula HTTP/1.1" 200 12889 "http://localhost:3010/" "Mozilla/5.0 (Windows NT 10.0; Win64; x64; rv:58.0) Gecko/20100101 Firefox/58.0"
::1 - - [14/Feb/2018:04:53:36 +0000] "GET /shades/sprint_images/1.jpg HTTP/1.1" 404 165 "http://localhost:3010/" "Mozilla/5.0 (Windows NT 10.0; Win64; x64; rv:58.0) Gecko/20100101 Firefox/58.0"
::1 - - [14/Feb/2018:04:53:36 +0000] "GET /shades/sprint_images/2.jpg HTTP/1.1" 404 165 "http://localhost:3010/" "Mozilla/5.0 (Windows NT 10.0; Win64; x64; rv:58.0) Gecko/20100101 Firefox/58.0"
::1 - - [14/Feb/2018:04:53:36 +0000] "GET /shades/sprint_images/3.jpg HTTP/1.1" 404 165 "http://localhost:3010/" "Mozilla/5.0 (Windows NT 10.0; Win64; x64; rv:58.0) Gecko/20100101 Firefox/58.0"
::1 - - [14/Feb/2018:04:53:36 +0000] "GET /shades/sprint_images/4.jpg HTTP/1.1" 404 165 "http://localhost:3010/" "Mozilla/5.0 (Windows NT 10.0; Win64; x64; rv:58.0) Gecko/20100101 Firefox/58.0"
::1 - - [14/Feb/2018:04:53:36 +0000] "GET /shades/sprint_images/5.jpg HTTP/1.1" 404 165 "http://localhost:3010/" "Mozilla/5.0 (Windows NT 10.0; Win64; x64; rv:58.0) Gecko/20100101 Firefox/58.0"
::1 - - [14/Feb/2018:04:53:36 +0000] "GET /shades/sprint_images/6.jpg HTTP/1.1" 404 165 "http://localhost:3010/" "Mozilla/5.0 (Windows NT 10.0; Win64; x64; rv:58.0) Gecko/20100101 Firefox/58.0"
::1 - - [14/Feb/2018:04:53:36 +0000] "GET /shades/sprint_images/7.jpg HTTP/1.1" 404 165 "http://localhost:3010/" "Mozilla/5.0 (Windows NT 10.0; Win64; x64; rv:58.0) Gecko/20100101 Firefox/58.0"
::1 - - [14/Feb/2018:04:53:36 +0000] "GET /shades/sprint_images/8.jpg HTTP/1.1" 404 165 "http://localhost:3010/" "Mozilla/5.0 (Windows NT 10.0; Win64; x64; rv:58.0) Gecko/20100101 Firefox/58.0"
::1 - - [14/Feb/2018:04:53:36 +0000] "GET /shades/sprint_images/9.jpg HTTP/1.1" 404 165 "http://localhost:3010/" "Mozilla/5.0 (Windows NT 10.0; Win64; x64; rv:58.0) Gecko/20100101 Firefox/58.0"
::1 - - [14/Feb/2018:04:53:36 +0000] "GET /shades/sprint_images/10.jpg HTTP/1.1" 404 166 "http://localhost:3010/" "Mozilla/5.0 (Windows NT 10.0; Win64; x64; rv:58.0) Gecko/20100101 Firefox/58.0"
::1 - - [14/Feb/2018:04:53:42 +0000] "GET /shades/sprint_images/911.jpg HTTP/1.1" 404 167 "http://localhost:3010/" "Mozilla/5.0 (Windows NT 10.0; Win64; x64; rv:58.0) Gecko/20100101 Firefox/58.0"
::1 - - [14/Feb/2018:04:53:42 +0000] "GET /shades/sprint_images/887.jpg HTTP/1.1" 404 167 "http://localhost:3010/" "Mozilla/5.0 (Windows NT 10.0; Win64; x64; rv:58.0) Gecko/20100101 Firefox/58.0"
::1 - - [14/Feb/2018:04:53:42 +0000] "GET /shades/sprint_images/879.jpg HTTP/1.1" 404 167 "http://localhost:3010/" "Mozilla/5.0 (Windows NT 10.0; Win64; x64; rv:58.0) Gecko/20100101 Firefox/58.0"
::1 - - [14/Feb/2018:04:53:42 +0000] "GET /shades/sprint_images/871.jpg HTTP/1.1" 404 167 "http://localhost:3010/" "Mozilla/5.0 (Windows NT 10.0; Win64; x64; rv:58.0) Gecko/20100101 Firefox/58.0"
::1 - - [14/Feb/2018:04:53:43 +0000] "GET /shades/sprint_images/863.jpg HTTP/1.1" 404 167 "http://localhost:3010/" "Mozilla/5.0 (Windows NT 10.0; Win64; x64; rv:58.0) Gecko/20100101 Firefox/58.0"
::1 - - [14/Feb/2018:04:53:43 +0000] "GET /shades/sprint_images/855.jpg HTTP/1.1" 404 167 "http://localhost:3010/" "Mozilla/5.0 (Windows NT 10.0; Win64; x64; rv:58.0) Gecko/20100101 Firefox/58.0"
::1 - - [14/Feb/2018:04:53:43 +0000] "GET /shades/sprint_images/535.jpg HTTP/1.1" 404 167 "http://localhost:3010/" "Mozilla/5.0 (Windows NT 10.0; Win64; x64; rv:58.0) Gecko/20100101 Firefox/58.0"
::1 - - [14/Feb/2018:04:53:43 +0000] "GET /shades/sprint_images/230.jpg HTTP/1.1" 404 167 "http://localhost:3010/" "Mozilla/5.0 (Windows NT 10.0; Win64; x64; rv:58.0) Gecko/20100101 Firefox/58.0"
::1 - - [14/Feb/2018:04:53:43 +0000] "GET /shades/sprint_images/222.jpg HTTP/1.1" 404 167 "http://localhost:3010/" "Mozilla/5.0 (Windows NT 10.0; Win64; x64; rv:58.0) Gecko/20100101 Firefox/58.0"
::1 - - [14/Feb/2018:04:53:43 +0000] "GET /shades/sprint_images/270.jpg HTTP/1.1" 404 167 "http://localhost:3010/" "Mozilla/5.0 (Windows NT 10.0; Win64; x64; rv:58.0) Gecko/20100101 Firefox/58.0"
::1 - - [14/Feb/2018:04:53:43 +0000] "GET /shades/sprint_images/278.jpg HTTP/1.1" 404 167 "http://localhost:3010/" "Mozilla/5.0 (Windows NT 10.0; Win64; x64; rv:58.0) Gecko/20100101 Firefox/58.0"
::1 - - [14/Feb/2018:04:53:43 +0000] "GET /shades/sprint_images/286.jpg HTTP/1.1" 404 167 "http://localhost:3010/" "Mozilla/5.0 (Windows NT 10.0; Win64; x64; rv:58.0) Gecko/20100101 Firefox/58.0"
::1 - - [14/Feb/2018:04:53:43 +0000] "GET /shades/sprint_images/294.jpg HTTP/1.1" 404 167 "http://localhost:3010/" "Mozilla/5.0 (Windows NT 10.0; Win64; x64; rv:58.0) Gecko/20100101 Firefox/58.0"
::1 - - [14/Feb/2018:04:53:43 +0000] "GET /shades/sprint_images/310.jpg HTTP/1.1" 404 167 "http://localhost:3010/" "Mozilla/5.0 (Windows NT 10.0; Win64; x64; rv:58.0) Gecko/20100101 Firefox/58.0"
::1 - - [14/Feb/2018:04:53:43 +0000] "GET /shades/sprint_images/318.jpg HTTP/1.1" 404 167 "http://localhost:3010/" "Mozilla/5.0 (Windows NT 10.0; Win64; x64; rv:58.0) Gecko/20100101 Firefox/58.0"
::1 - - [14/Feb/2018:04:53:43 +0000] "GET /shades/sprint_images/326.jpg HTTP/1.1" 404 167 "http://localhost:3010/" "Mozilla/5.0 (Windows NT 10.0; Win64; x64; rv:58.0) Gecko/20100101 Firefox/58.0"
::1 - - [14/Feb/2018:04:53:43 +0000] "GET /shades/sprint_images/334.jpg HTTP/1.1" 404 167 "http://localhost:3010/" "Mozilla/5.0 (Windows NT 10.0; Win64; x64; rv:58.0) Gecko/20100101 Firefox/58.0"
::1 - - [14/Feb/2018:04:53:43 +0000] "GET /shades/sprint_images/350.jpg HTTP/1.1" 404 167 "http://localhost:3010/" "Mozilla/5.0 (Windows NT 10.0; Win64; x64; rv:58.0) Gecko/20100101 Firefox/58.0"
::1 - - [14/Feb/2018:04:53:43 +0000] "GET /shades/sprint_images/350.jpg HTTP/1.1" 404 167 "http://localhost:3010/" "Mozilla/5.0 (Windows NT 10.0; Win64; x64; rv:58.0) Gecko/20100101 Firefox/58.0"
::1 - - [14/Feb/2018:04:53:43 +0000] "GET /shades/sprint_images/374.jpg HTTP/1.1" 404 167 "http://localhost:3010/" "Mozilla/5.0 (Windows NT 10.0; Win64; x64; rv:58.0) Gecko/20100101 Firefox/58.0"
::1 - - [14/Feb/2018:04:53:43 +0000] "GET /shades/sprint_images/382.jpg HTTP/1.1" 404 167 "http://localhost:3010/" "Mozilla/5.0 (Windows NT 10.0; Win64; x64; rv:58.0) Gecko/20100101 Firefox/58.0"
::1 - - [14/Feb/2018:04:53:43 +0000] "GET /shades/sprint_images/390.jpg HTTP/1.1" 404 167 "http://localhost:3010/" "Mozilla/5.0 (Windows NT 10.0; Win64; x64; rv:58.0) Gecko/20100101 Firefox/58.0"
::1 - - [14/Feb/2018:04:53:43 +0000] "GET /shades/sprint_images/398.jpg HTTP/1.1" 404 167 "http://localhost:3010/" "Mozilla/5.0 (Windows NT 10.0; Win64; x64; rv:58.0) Gecko/20100101 Firefox/58.0"
::1 - - [14/Feb/2018:04:53:43 +0000] "GET /shades/sprint_images/406.jpg HTTP/1.1" 404 167 "http://localhost:3010/" "Mozilla/5.0 (Windows NT 10.0; Win64; x64; rv:58.0) Gecko/20100101 Firefox/58.0"
::1 - - [14/Feb/2018:04:53:43 +0000] "GET /shades/sprint_images/414.jpg HTTP/1.1" 404 167 "http://localhost:3010/" "Mozilla/5.0 (Windows NT 10.0; Win64; x64; rv:58.0) Gecko/20100101 Firefox/58.0"
::1 - - [14/Feb/2018:04:53:44 +0000] "GET /shades/sprint_images/430.jpg HTTP/1.1" 404 167 "http://localhost:3010/" "Mozilla/5.0 (Windows NT 10.0; Win64; x64; rv:58.0) Gecko/20100101 Firefox/58.0"
::1 - - [14/Feb/2018:04:53:44 +0000] "GET /shades/sprint_images/454.jpg HTTP/1.1" 404 167 "http://localhost:3010/" "Mozilla/5.0 (Windows NT 10.0; Win64; x64; rv:58.0) Gecko/20100101 Firefox/58.0"
::1 - - [14/Feb/2018:04:53:44 +0000] "GET /shades/sprint_images/462.jpg HTTP/1.1" 404 167 "http://localhost:3010/" "Mozilla/5.0 (Windows NT 10.0; Win64; x64; rv:58.0) Gecko/20100101 Firefox/58.0"
::1 - - [14/Feb/2018:04:53:44 +0000] "GET /shades/sprint_images/470.jpg HTTP/1.1" 404 167 "http://localhost:3010/" "Mozilla/5.0 (Windows NT 10.0; Win64; x64; rv:58.0) Gecko/20100101 Firefox/58.0"
::1 - - [14/Feb/2018:04:53:44 +0000] "GET /shades/sprint_images/478.jpg HTTP/1.1" 404 167 "http://localhost:3010/" "Mozilla/5.0 (Windows NT 10.0; Win64; x64; rv:58.0) Gecko/20100101 Firefox/58.0"
::1 - - [14/Feb/2018:04:53:44 +0000] "GET /shades/sprint_images/486.jpg HTTP/1.1" 404 167 "http://localhost:3010/" "Mozilla/5.0 (Windows NT 10.0; Win64; x64; rv:58.0) Gecko/20100101 Firefox/58.0"
::1 - - [14/Feb/2018:04:53:44 +0000] "GET /shades/sprint_images/494.jpg HTTP/1.1" 404 167 "http://localhost:3010/" "Mozilla/5.0 (Windows NT 10.0; Win64; x64; rv:58.0) Gecko/20100101 Firefox/58.0"
::1 - - [14/Feb/2018:04:53:44 +0000] "GET /shades/sprint_images/511.jpg HTTP/1.1" 404 167 "http://localhost:3010/" "Mozilla/5.0 (Windows NT 10.0; Win64; x64; rv:58.0) Gecko/20100101 Firefox/58.0"
::1 - - [14/Feb/2018:04:53:44 +0000] "GET /shades/sprint_images/519.jpg HTTP/1.1" 404 167 "http://localhost:3010/" "Mozilla/5.0 (Windows NT 10.0; Win64; x64; rv:58.0) Gecko/20100101 Firefox/58.0"
::1 - - [14/Feb/2018:04:53:44 +0000] "GET /shades/sprint_images/527.jpg HTTP/1.1" 404 167 "http://localhost:3010/" "Mozilla/5.0 (Windows NT 10.0; Win64; x64; rv:58.0) Gecko/20100101 Firefox/58.0"
::1 - - [14/Feb/2018:04:53:44 +0000] "GET /shades/sprint_images/543.jpg HTTP/1.1" 404 167 "http://localhost:3010/" "Mozilla/5.0 (Windows NT 10.0; Win64; x64; rv:58.0) Gecko/20100101 Firefox/58.0"
::1 - - [14/Feb/2018:04:53:44 +0000] "GET /shades/sprint_images/551.jpg HTTP/1.1" 404 167 "http://localhost:3010/" "Mozilla/5.0 (Windows NT 10.0; Win64; x64; rv:58.0) Gecko/20100101 Firefox/58.0"
::1 - - [14/Feb/2018:04:53:44 +0000] "GET /shades/sprint_images/639.jpg HTTP/1.1" 404 167 "http://localhost:3010/" "Mozilla/5.0 (Windows NT 10.0; Win64; x64; rv:58.0) Gecko/20100101 Firefox/58.0"
::1 - - [14/Feb/2018:04:53:44 +0000] "GET /shades/sprint_images/743.jpg HTTP/1.1" 404 167 "http://localhost:3010/" "Mozilla/5.0 (Windows NT 10.0; Win64; x64; rv:58.0) Gecko/20100101 Firefox/58.0"
::1 - - [14/Feb/2018:04:53:44 +0000] "GET /shades/sprint_images/767.jpg HTTP/1.1" 404 167 "http://localhost:3010/" "Mozilla/5.0 (Windows NT 10.0; Win64; x64; rv:58.0) Gecko/20100101 Firefox/58.0"
::1 - - [14/Feb/2018:04:53:44 +0000] "GET /shades/sprint_images/775.jpg HTTP/1.1" 404 167 "http://localhost:3010/" "Mozilla/5.0 (Windows NT 10.0; Win64; x64; rv:58.0) Gecko/20100101 Firefox/58.0"
::1 - - [14/Feb/2018:04:53:44 +0000] "GET /shades/sprint_images/831.jpg HTTP/1.1" 404 167 "http://localhost:3010/" "Mozilla/5.0 (Windows NT 10.0; Win64; x64; rv:58.0) Gecko/20100101 Firefox/58.0"
::1 - - [14/Feb/2018:04:53:44 +0000] "GET /shades/sprint_images/911.jpg HTTP/1.1" 404 167 "http://localhost:3010/" "Mozilla/5.0 (Windows NT 10.0; Win64; x64; rv:58.0) Gecko/20100101 Firefox/58.0"
::1 - - [14/Feb/2018:04:53:44 +0000] "GET /shades/sprint_images/919.jpg HTTP/1.1" 404 167 "http://localhost:3010/" "Mozilla/5.0 (Windows NT 10.0; Win64; x64; rv:58.0) Gecko/20100101 Firefox/58.0"
::1 - - [14/Feb/2018:04:53:44 +0000] "GET /shades/sprint_images/935.jpg HTTP/1.1" 404 167 "http://localhost:3010/" "Mozilla/5.0 (Windows NT 10.0; Win64; x64; rv:58.0) Gecko/20100101 Firefox/58.0"
::1 - - [14/Feb/2018:04:53:44 +0000] "GET /shades/sprint_images/959.jpg HTTP/1.1" 404 167 "http://localhost:3010/" "Mozilla/5.0 (Windows NT 10.0; Win64; x64; rv:58.0) Gecko/20100101 Firefox/58.0"
::1 - - [14/Feb/2018:04:53:44 +0000] "GET /shades/sprint_images/967.jpg HTTP/1.1" 404 167 "http://localhost:3010/" "Mozilla/5.0 (Windows NT 10.0; Win64; x64; rv:58.0) Gecko/20100101 Firefox/58.0"
::1 - - [14/Feb/2018:04:53:45 +0000] "GET /shades/sprint_images/983.jpg HTTP/1.1" 404 167 "http://localhost:3010/" "Mozilla/5.0 (Windows NT 10.0; Win64; x64; rv:58.0) Gecko/20100101 Firefox/58.0"
::1 - - [14/Feb/2018:04:53:45 +0000] "GET /shades/sprint_images/991.jpg HTTP/1.1" 404 167 "http://localhost:3010/" "Mozilla/5.0 (Windows NT 10.0; Win64; x64; rv:58.0) Gecko/20100101 Firefox/58.0"
::1 - - [14/Feb/2018:04:53:45 +0000] "GET /shades/sprint_images/1023.jpg HTTP/1.1" 404 168 "http://localhost:3010/" "Mozilla/5.0 (Windows NT 10.0; Win64; x64; rv:58.0) Gecko/20100101 Firefox/58.0"
::1 - - [14/Feb/2018:04:53:45 +0000] "GET /shades/sprint_images/1079.jpg HTTP/1.1" 404 168 "http://localhost:3010/" "Mozilla/5.0 (Windows NT 10.0; Win64; x64; rv:58.0) Gecko/20100101 Firefox/58.0"
::1 - - [14/Feb/2018:04:53:45 +0000] "GET /shades/sprint_images/1103.jpg HTTP/1.1" 404 168 "http://localhost:3010/" "Mozilla/5.0 (Windows NT 10.0; Win64; x64; rv:58.0) Gecko/20100101 Firefox/58.0"
::1 - - [14/Feb/2018:04:53:45 +0000] "GET /shades/sprint_images/1111.jpg HTTP/1.1" 404 168 "http://localhost:3010/" "Mozilla/5.0 (Windows NT 10.0; Win64; x64; rv:58.0) Gecko/20100101 Firefox/58.0"
::1 - - [14/Feb/2018:04:53:45 +0000] "GET /shades/sprint_images/1119.jpg HTTP/1.1" 404 168 "http://localhost:3010/" "Mozilla/5.0 (Windows NT 10.0; Win64; x64; rv:58.0) Gecko/20100101 Firefox/58.0"
::1 - - [14/Feb/2018:04:53:45 +0000] "GET /shades/sprint_images/1127.jpg HTTP/1.1" 404 168 "http://localhost:3010/" "Mozilla/5.0 (Windows NT 10.0; Win64; x64; rv:58.0) Gecko/20100101 Firefox/58.0"
::1 - - [14/Feb/2018:04:53:45 +0000] "GET /shades/sprint_images/1167.jpg HTTP/1.1" 404 168 "http://localhost:3010/" "Mozilla/5.0 (Windows NT 10.0; Win64; x64; rv:58.0) Gecko/20100101 Firefox/58.0"
::1 - - [14/Feb/2018:04:53:45 +0000] "GET /shades/sprint_images/1240.jpg HTTP/1.1" 404 168 "http://localhost:3010/" "Mozilla/5.0 (Windows NT 10.0; Win64; x64; rv:58.0) Gecko/20100101 Firefox/58.0"
::1 - - [14/Feb/2018:04:53:45 +0000] "GET /shades/sprint_images/1448.jpg HTTP/1.1" 404 168 "http://localhost:3010/" "Mozilla/5.0 (Windows NT 10.0; Win64; x64; rv:58.0) Gecko/20100101 Firefox/58.0"
::1 - - [14/Feb/2018:04:53:45 +0000] "GET /shades/sprint_images/1456.jpg HTTP/1.1" 404 168 "http://localhost:3010/" "Mozilla/5.0 (Windows NT 10.0; Win64; x64; rv:58.0) Gecko/20100101 Firefox/58.0"
::1 - - [14/Feb/2018:04:53:45 +0000] "GET /shades/sprint_images/1472.jpg HTTP/1.1" 404 168 "http://localhost:3010/" "Mozilla/5.0 (Windows NT 10.0; Win64; x64; rv:58.0) Gecko/20100101 Firefox/58.0"
::1 - - [14/Feb/2018:04:53:45 +0000] "GET /shades/sprint_images/1496.jpg HTTP/1.1" 404 168 "http://localhost:3010/" "Mozilla/5.0 (Windows NT 10.0; Win64; x64; rv:58.0) Gecko/20100101 Firefox/58.0"
::1 - - [14/Feb/2018:04:53:45 +0000] "GET /shades/sprint_images/1656.jpg HTTP/1.1" 404 168 "http://localhost:3010/" "Mozilla/5.0 (Windows NT 10.0; Win64; x64; rv:58.0) Gecko/20100101 Firefox/58.0"
::1 - - [14/Feb/2018:04:53:45 +0000] "GET /shades/sprint_images/1856.jpg HTTP/1.1" 404 168 "http://localhost:3010/" "Mozilla/5.0 (Windows NT 10.0; Win64; x64; rv:58.0) Gecko/20100101 Firefox/58.0"
::1 - - [14/Feb/2018:04:53:45 +0000] "GET /shades/sprint_images/1880.jpg HTTP/1.1" 404 168 "http://localhost:3010/" "Mozilla/5.0 (Windows NT 10.0; Win64; x64; rv:58.0) Gecko/20100101 Firefox/58.0"
::1 - - [14/Feb/2018:04:53:45 +0000] "GET /shades/sprint_images/2025.jpg HTTP/1.1" 404 168 "http://localhost:3010/" "Mozilla/5.0 (Windows NT 10.0; Win64; x64; rv:58.0) Gecko/20100101 Firefox/58.0"
::1 - - [14/Feb/2018:04:53:45 +0000] "GET /shades/sprint_images/2057.jpg HTTP/1.1" 404 168 "http://localhost:3010/" "Mozilla/5.0 (Windows NT 10.0; Win64; x64; rv:58.0) Gecko/20100101 Firefox/58.0"
::1 - - [14/Feb/2018:04:53:45 +0000] "GET /shades/sprint_images/2089.jpg HTTP/1.1" 404 168 "http://localhost:3010/" "Mozilla/5.0 (Windows NT 10.0; Win64; x64; rv:58.0) Gecko/20100101 Firefox/58.0"
::1 - - [14/Feb/2018:04:53:45 +0000] "GET /shades/sprint_images/2129.jpg HTTP/1.1" 404 168 "http://localhost:3010/" "Mozilla/5.0 (Windows NT 10.0; Win64; x64; rv:58.0) Gecko/20100101 Firefox/58.0"
::1 - - [14/Feb/2018:04:53:45 +0000] "GET /shades/sprint_images/2105.jpg HTTP/1.1" 404 168 "http://localhost:3010/" "Mozilla/5.0 (Windows NT 10.0; Win64; x64; rv:58.0) Gecko/20100101 Firefox/58.0"
::1 - - [14/Feb/2018:04:53:45 +0000] "GET /shades/sprint_images/2137.jpg HTTP/1.1" 404 168 "http://localhost:3010/" "Mozilla/5.0 (Windows NT 10.0; Win64; x64; rv:58.0) Gecko/20100101 Firefox/58.0"
::1 - - [14/Feb/2018:04:53:46 +0000] "GET /shades/sprint_images/2145.jpg HTTP/1.1" 404 168 "http://localhost:3010/" "Mozilla/5.0 (Windows NT 10.0; Win64; x64; rv:58.0) Gecko/20100101 Firefox/58.0"
::1 - - [14/Feb/2018:04:53:46 +0000] "GET /shades/sprint_images/2169.jpg HTTP/1.1" 404 168 "http://localhost:3010/" "Mozilla/5.0 (Windows NT 10.0; Win64; x64; rv:58.0) Gecko/20100101 Firefox/58.0"
::1 - - [14/Feb/2018:04:53:46 +0000] "GET /shades/sprint_images/2193.jpg HTTP/1.1" 404 168 "http://localhost:3010/" "Mozilla/5.0 (Windows NT 10.0; Win64; x64; rv:58.0) Gecko/20100101 Firefox/58.0"
::1 - - [14/Feb/2018:04:53:46 +0000] "GET /shades/sprint_images/2201.jpg HTTP/1.1" 404 168 "http://localhost:3010/" "Mozilla/5.0 (Windows NT 10.0; Win64; x64; rv:58.0) Gecko/20100101 Firefox/58.0"
::1 - - [14/Feb/2018:04:53:47 +0000] "GET /shades/sprint_images/2217.jpg HTTP/1.1" 404 168 "http://localhost:3010/" "Mozilla/5.0 (Windows NT 10.0; Win64; x64; rv:58.0) Gecko/20100101 Firefox/58.0"
::1 - - [14/Feb/2018:04:53:47 +0000] "GET /shades/sprint_images/2273.jpg HTTP/1.1" 404 168 "http://localhost:3010/" "Mozilla/5.0 (Windows NT 10.0; Win64; x64; rv:58.0) Gecko/20100101 Firefox/58.0"
::1 - - [14/Feb/2018:04:53:47 +0000] "GET /shades/sprint_images/2313.jpg HTTP/1.1" 404 168 "http://localhost:3010/" "Mozilla/5.0 (Windows NT 10.0; Win64; x64; rv:58.0) Gecko/20100101 Firefox/58.0"
::1 - - [14/Feb/2018:04:53:47 +0000] "GET /shades/sprint_images/2329.jpg HTTP/1.1" 404 168 "http://localhost:3010/" "Mozilla/5.0 (Windows NT 10.0; Win64; x64; rv:58.0) Gecko/20100101 Firefox/58.0"
::1 - - [14/Feb/2018:04:53:47 +0000] "GET /shades/sprint_images/2361.jpg HTTP/1.1" 404 168 "http://localhost:3010/" "Mozilla/5.0 (Windows NT 10.0; Win64; x64; rv:58.0) Gecko/20100101 Firefox/58.0"
::1 - - [14/Feb/2018:04:53:47 +0000] "GET /shades/sprint_images/2369.jpg HTTP/1.1" 404 168 "http://localhost:3010/" "Mozilla/5.0 (Windows NT 10.0; Win64; x64; rv:58.0) Gecko/20100101 Firefox/58.0"
::1 - - [14/Feb/2018:04:53:47 +0000] "GET /shades/sprint_images/2393.jpg HTTP/1.1" 404 168 "http://localhost:3010/" "Mozilla/5.0 (Windows NT 10.0; Win64; x64; rv:58.0) Gecko/20100101 Firefox/58.0"
::1 - - [14/Feb/2018:04:53:47 +0000] "GET /shades/sprint_images/2385.jpg HTTP/1.1" 404 168 "http://localhost:3010/" "Mozilla/5.0 (Windows NT 10.0; Win64; x64; rv:58.0) Gecko/20100101 Firefox/58.0"
::1 - - [14/Feb/2018:04:53:47 +0000] "GET /shades/sprint_images/2401.jpg HTTP/1.1" 404 168 "http://localhost:3010/" "Mozilla/5.0 (Windows NT 10.0; Win64; x64; rv:58.0) Gecko/20100101 Firefox/58.0"
::1 - - [14/Feb/2018:04:53:47 +0000] "GET /shades/sprint_images/2409.jpg HTTP/1.1" 404 168 "http://localhost:3010/" "Mozilla/5.0 (Windows NT 10.0; Win64; x64; rv:58.0) Gecko/20100101 Firefox/58.0"
::1 - - [14/Feb/2018:04:53:47 +0000] "GET /shades/sprint_images/2425.jpg HTTP/1.1" 404 168 "http://localhost:3010/" "Mozilla/5.0 (Windows NT 10.0; Win64; x64; rv:58.0) Gecko/20100101 Firefox/58.0"
::1 - - [14/Feb/2018:04:53:47 +0000] "GET /shades/sprint_images/2441.jpg HTTP/1.1" 404 168 "http://localhost:3010/" "Mozilla/5.0 (Windows NT 10.0; Win64; x64; rv:58.0) Gecko/20100101 Firefox/58.0"
::1 - - [14/Feb/2018:04:53:47 +0000] "GET /shades/sprint_images/2465.jpg HTTP/1.1" 404 168 "http://localhost:3010/" "Mozilla/5.0 (Windows NT 10.0; Win64; x64; rv:58.0) Gecko/20100101 Firefox/58.0"
::1 - - [14/Feb/2018:04:53:47 +0000] "GET /shades/sprint_images/2473.jpg HTTP/1.1" 404 168 "http://localhost:3010/" "Mozilla/5.0 (Windows NT 10.0; Win64; x64; rv:58.0) Gecko/20100101 Firefox/58.0"
::1 - - [14/Feb/2018:04:53:48 +0000] "GET /shades/sprint_images/2497.jpg HTTP/1.1" 404 168 "http://localhost:3010/" "Mozilla/5.0 (Windows NT 10.0; Win64; x64; rv:58.0) Gecko/20100101 Firefox/58.0"
::1 - - [14/Feb/2018:04:53:48 +0000] "GET /shades/sprint_images/2537.jpg HTTP/1.1" 404 168 "http://localhost:3010/" "Mozilla/5.0 (Windows NT 10.0; Win64; x64; rv:58.0) Gecko/20100101 Firefox/58.0"
::1 - - [14/Feb/2018:04:53:48 +0000] "GET /shades/sprint_images/2545.jpg HTTP/1.1" 404 168 "http://localhost:3010/" "Mozilla/5.0 (Windows NT 10.0; Win64; x64; rv:58.0) Gecko/20100101 Firefox/58.0"
::1 - - [14/Feb/2018:04:53:48 +0000] "GET /shades/sprint_images/2569.jpg HTTP/1.1" 404 168 "http://localhost:3010/" "Mozilla/5.0 (Windows NT 10.0; Win64; x64; rv:58.0) Gecko/20100101 Firefox/58.0"
::1 - - [14/Feb/2018:04:53:48 +0000] "GET /shades/sprint_images/2577.jpg HTTP/1.1" 404 168 "http://localhost:3010/" "Mozilla/5.0 (Windows NT 10.0; Win64; x64; rv:58.0) Gecko/20100101 Firefox/58.0"
::1 - - [14/Feb/2018:04:53:48 +0000] "GET /shades/sprint_images/2593.jpg HTTP/1.1" 404 168 "http://localhost:3010/" "Mozilla/5.0 (Windows NT 10.0; Win64; x64; rv:58.0) Gecko/20100101 Firefox/58.0"
::1 - - [14/Feb/2018:04:53:48 +0000] "GET /shades/sprint_images/2609.jpg HTTP/1.1" 404 168 "http://localhost:3010/" "Mozilla/5.0 (Windows NT 10.0; Win64; x64; rv:58.0) Gecko/20100101 Firefox/58.0"
::1 - - [14/Feb/2018:04:53:48 +0000] "GET /shades/sprint_images/2626.jpg HTTP/1.1" 404 168 "http://localhost:3010/" "Mozilla/5.0 (Windows NT 10.0; Win64; x64; rv:58.0) Gecko/20100101 Firefox/58.0"
::1 - - [14/Feb/2018:04:53:48 +0000] "GET /shades/sprint_images/2650.jpg HTTP/1.1" 404 168 "http://localhost:3010/" "Mozilla/5.0 (Windows NT 10.0; Win64; x64; rv:58.0) Gecko/20100101 Firefox/58.0"
::1 - - [14/Feb/2018:04:53:48 +0000] "GET /shades/sprint_images/2642.jpg HTTP/1.1" 404 168 "http://localhost:3010/" "Mozilla/5.0 (Windows NT 10.0; Win64; x64; rv:58.0) Gecko/20100101 Firefox/58.0"
::1 - - [14/Feb/2018:04:53:48 +0000] "GET /shades/sprint_images/2658.jpg HTTP/1.1" 404 168 "http://localhost:3010/" "Mozilla/5.0 (Windows NT 10.0; Win64; x64; rv:58.0) Gecko/20100101 Firefox/58.0"
::1 - - [14/Feb/2018:04:53:48 +0000] "GET /shades/sprint_images/2730.jpg HTTP/1.1" 404 168 "http://localhost:3010/" "Mozilla/5.0 (Windows NT 10.0; Win64; x64; rv:58.0) Gecko/20100101 Firefox/58.0"
::1 - - [14/Feb/2018:04:53:48 +0000] "GET /shades/sprint_images/2754.jpg HTTP/1.1" 404 168 "http://localhost:3010/" "Mozilla/5.0 (Windows NT 10.0; Win64; x64; rv:58.0) Gecko/20100101 Firefox/58.0"
::1 - - [14/Feb/2018:04:53:48 +0000] "GET /shades/sprint_images/2810.jpg HTTP/1.1" 404 168 "http://localhost:3010/" "Mozilla/5.0 (Windows NT 10.0; Win64; x64; rv:58.0) Gecko/20100101 Firefox/58.0"
::1 - - [14/Feb/2018:04:53:48 +0000] "GET /shades/sprint_images/3282.jpg HTTP/1.1" 404 168 "http://localhost:3010/" "Mozilla/5.0 (Windows NT 10.0; Win64; x64; rv:58.0) Gecko/20100101 Firefox/58.0"
::1 - - [14/Feb/2018:04:53:48 +0000] "GET /shades/sprint_images/3643.jpg HTTP/1.1" 404 168 "http://localhost:3010/" "Mozilla/5.0 (Windows NT 10.0; Win64; x64; rv:58.0) Gecko/20100101 Firefox/58.0"
::1 - - [14/Feb/2018:04:53:48 +0000] "GET /shades/sprint_images/3683.jpg HTTP/1.1" 404 168 "http://localhost:3010/" "Mozilla/5.0 (Windows NT 10.0; Win64; x64; rv:58.0) Gecko/20100101 Firefox/58.0"
::1 - - [14/Feb/2018:04:53:48 +0000] "GET /shades/sprint_images/3699.jpg HTTP/1.1" 404 168 "http://localhost:3010/" "Mozilla/5.0 (Windows NT 10.0; Win64; x64; rv:58.0) Gecko/20100101 Firefox/58.0"
::1 - - [14/Feb/2018:04:53:48 +0000] "GET /shades/sprint_images/3715.jpg HTTP/1.1" 404 168 "http://localhost:3010/" "Mozilla/5.0 (Windows NT 10.0; Win64; x64; rv:58.0) Gecko/20100101 Firefox/58.0"
::1 - - [14/Feb/2018:04:53:48 +0000] "GET /shades/sprint_images/3314.jpg HTTP/1.1" 404 168 "http://localhost:3010/" "Mozilla/5.0 (Windows NT 10.0; Win64; x64; rv:58.0) Gecko/20100101 Firefox/58.0"
::1 - - [14/Feb/2018:04:53:48 +0000] "GET /shades/sprint_images/2930.jpg HTTP/1.1" 404 168 "http://localhost:3010/" "Mozilla/5.0 (Windows NT 10.0; Win64; x64; rv:58.0) Gecko/20100101 Firefox/58.0"
::1 - - [14/Feb/2018:04:53:48 +0000] "GET /shades/sprint_images/2401.jpg HTTP/1.1" 404 168 "http://localhost:3010/" "Mozilla/5.0 (Windows NT 10.0; Win64; x64; rv:58.0) Gecko/20100101 Firefox/58.0"
::1 - - [14/Feb/2018:05:11:51 +0000] "GET / HTTP/1.1" 200 3887 "-" "Mozilla/5.0 (Windows NT 10.0; Win64; x64; rv:58.0) Gecko/20100101 Firefox/58.0"
::1 - - [14/Feb/2018:05:11:55 +0000] "POST /login HTTP/1.1" 200 258 "http://localhost:3010/" "Mozilla/5.0 (Windows NT 10.0; Win64; x64; rv:58.0) Gecko/20100101 Firefox/58.0"
::1 - - [14/Feb/2018:05:11:55 +0000] "GET / HTTP/1.1" 200 192849 "http://localhost:3010/" "Mozilla/5.0 (Windows NT 10.0; Win64; x64; rv:58.0) Gecko/20100101 Firefox/58.0"
::1 - - [14/Feb/2018:05:11:55 +0000] "GET /shades/sprint_images/%7B%7BselectedData.Sprint_Id%7D%7D.jpg HTTP/1.1" 404 198 "http://localhost:3010/" "Mozilla/5.0 (Windows NT 10.0; Win64; x64; rv:58.0) Gecko/20100101 Firefox/58.0"
::1 - - [14/Feb/2018:05:11:56 +0000] "GET /shades/sprint_images/%7B%7BselectedData.Sprint_Id%7D%7D.jpg HTTP/1.1" 404 198 "http://localhost:3010/" "Mozilla/5.0 (Windows NT 10.0; Win64; x64; rv:58.0) Gecko/20100101 Firefox/58.0"
::1 - - [14/Feb/2018:05:11:56 +0000] "GET /images/loading.gif HTTP/1.1" 404 157 "http://localhost:3010/Content/style.css" "Mozilla/5.0 (Windows NT 10.0; Win64; x64; rv:58.0) Gecko/20100101 Firefox/58.0"
::1 - - [14/Feb/2018:05:11:57 +0000] "GET /loginUserDetails/ HTTP/1.1" 304 - "http://localhost:3010/" "Mozilla/5.0 (Windows NT 10.0; Win64; x64; rv:58.0) Gecko/20100101 Firefox/58.0"
::1 - - [14/Feb/2018:05:11:57 +0000] "GET /images/sort_both.png HTTP/1.1" 404 159 "http://localhost:3010/Content/jquery.dataTables.min.css" "Mozilla/5.0 (Windows NT 10.0; Win64; x64; rv:58.0) Gecko/20100101 Firefox/58.0"
::1 - - [14/Feb/2018:05:11:58 +0000] "GET /images/sort_asc.png HTTP/1.1" 404 158 "http://localhost:3010/Content/jquery.dataTables.min.css" "Mozilla/5.0 (Windows NT 10.0; Win64; x64; rv:58.0) Gecko/20100101 Firefox/58.0"
::1 - - [14/Feb/2018:05:11:59 +0000] "GET /getLogs/superadmin HTTP/1.1" 200 - "http://localhost:3010/" "Mozilla/5.0 (Windows NT 10.0; Win64; x64; rv:58.0) Gecko/20100101 Firefox/58.0"
::1 - - [14/Feb/2018:05:12:06 +0000] "GET /defaultBindValues/ HTTP/1.1" 304 - "http://localhost:3010/" "Mozilla/5.0 (Windows NT 10.0; Win64; x64; rv:58.0) Gecko/20100101 Firefox/58.0"
::1 - - [14/Feb/2018:05:12:09 +0000] "GET /statistics HTTP/1.1" 200 - "http://localhost:3010/" "Mozilla/5.0 (Windows NT 10.0; Win64; x64; rv:58.0) Gecko/20100101 Firefox/58.0"
::1 - - [14/Feb/2018:05:12:10 +0000] "POST /colorshade/range HTTP/1.1" 200 300139 "http://localhost:3010/" "Mozilla/5.0 (Windows NT 10.0; Win64; x64; rv:58.0) Gecko/20100101 Firefox/58.0"
::1 - - [14/Feb/2018:05:12:10 +0000] "GET /shades/sprint_images/12.jpg HTTP/1.1" 404 166 "http://localhost:3010/" "Mozilla/5.0 (Windows NT 10.0; Win64; x64; rv:58.0) Gecko/20100101 Firefox/58.0"
::1 - - [14/Feb/2018:05:12:10 +0000] "GET /shades/sprint_images/14.jpg HTTP/1.1" 404 166 "http://localhost:3010/" "Mozilla/5.0 (Windows NT 10.0; Win64; x64; rv:58.0) Gecko/20100101 Firefox/58.0"
::1 - - [14/Feb/2018:05:12:10 +0000] "GET /shades/sprint_images/15.jpg HTTP/1.1" 404 166 "http://localhost:3010/" "Mozilla/5.0 (Windows NT 10.0; Win64; x64; rv:58.0) Gecko/20100101 Firefox/58.0"
::1 - - [14/Feb/2018:05:12:10 +0000] "GET /shades/sprint_images/63.jpg HTTP/1.1" 404 166 "http://localhost:3010/" "Mozilla/5.0 (Windows NT 10.0; Win64; x64; rv:58.0) Gecko/20100101 Firefox/58.0"
::1 - - [14/Feb/2018:05:12:10 +0000] "GET /shades/sprint_images/64.jpg HTTP/1.1" 404 166 "http://localhost:3010/" "Mozilla/5.0 (Windows NT 10.0; Win64; x64; rv:58.0) Gecko/20100101 Firefox/58.0"
::1 - - [14/Feb/2018:05:12:10 +0000] "GET /shades/sprint_images/132.jpg HTTP/1.1" 404 167 "http://localhost:3010/" "Mozilla/5.0 (Windows NT 10.0; Win64; x64; rv:58.0) Gecko/20100101 Firefox/58.0"
::1 - - [14/Feb/2018:05:12:10 +0000] "GET /shades/sprint_images/133.jpg HTTP/1.1" 404 167 "http://localhost:3010/" "Mozilla/5.0 (Windows NT 10.0; Win64; x64; rv:58.0) Gecko/20100101 Firefox/58.0"
::1 - - [14/Feb/2018:05:12:10 +0000] "GET /shades/sprint_images/134.jpg HTTP/1.1" 404 167 "http://localhost:3010/" "Mozilla/5.0 (Windows NT 10.0; Win64; x64; rv:58.0) Gecko/20100101 Firefox/58.0"
::1 - - [14/Feb/2018:05:12:10 +0000] "GET /shades/sprint_images/135.jpg HTTP/1.1" 404 167 "http://localhost:3010/" "Mozilla/5.0 (Windows NT 10.0; Win64; x64; rv:58.0) Gecko/20100101 Firefox/58.0"
::1 - - [14/Feb/2018:05:12:10 +0000] "GET /shades/sprint_images/369.jpg HTTP/1.1" 404 167 "http://localhost:3010/" "Mozilla/5.0 (Windows NT 10.0; Win64; x64; rv:58.0) Gecko/20100101 Firefox/58.0"
::1 - - [14/Feb/2018:05:12:10 +0000] "POST /analytics/clusters HTTP/1.1" 200 22301 "http://localhost:3010/" "Mozilla/5.0 (Windows NT 10.0; Win64; x64; rv:58.0) Gecko/20100101 Firefox/58.0"
::1 - - [14/Feb/2018:05:12:10 +0000] "POST /analytics/nearestFormula HTTP/1.1" 200 13047 "http://localhost:3010/" "Mozilla/5.0 (Windows NT 10.0; Win64; x64; rv:58.0) Gecko/20100101 Firefox/58.0"
::1 - - [16/Feb/2018:06:17:55 +0000] "GET / HTTP/1.1" 200 3887 "-" "Mozilla/5.0 (Windows NT 10.0; Win64; x64; rv:58.0) Gecko/20100101 Firefox/58.0"
::1 - - [16/Feb/2018:06:18:09 +0000] "GET /favicon.ico HTTP/1.1" 404 150 "-" "Mozilla/5.0 (Windows NT 10.0; Win64; x64; rv:58.0) Gecko/20100101 Firefox/58.0"
::1 - - [16/Feb/2018:06:19:17 +0000] "GET / HTTP/1.1" 200 3887 "-" "Mozilla/5.0 (Windows NT 10.0; Win64; x64; rv:58.0) Gecko/20100101 Firefox/58.0"
::1 - - [16/Feb/2018:06:20:14 +0000] "POST /login HTTP/1.1" - - "http://localhost:3010/" "Mozilla/5.0 (Windows NT 10.0; Win64; x64; rv:58.0) Gecko/20100101 Firefox/58.0"
::1 - - [16/Feb/2018:06:20:14 +0000] "POST /login HTTP/1.1" - - "http://localhost:3010/" "Mozilla/5.0 (Windows NT 10.0; Win64; x64; rv:58.0) Gecko/20100101 Firefox/58.0"
::1 - - [16/Feb/2018:06:23:29 +0000] "GET / HTTP/1.1" 200 3887 "-" "Mozilla/5.0 (Windows NT 10.0; Win64; x64; rv:58.0) Gecko/20100101 Firefox/58.0"
::1 - - [16/Feb/2018:06:23:31 +0000] "GET /favicon.ico HTTP/1.1" 404 150 "-" "Mozilla/5.0 (Windows NT 10.0; Win64; x64; rv:58.0) Gecko/20100101 Firefox/58.0"
::1 - - [16/Feb/2018:06:23:31 +0000] "GET /favicon.ico HTTP/1.1" 404 150 "-" "Mozilla/5.0 (Windows NT 10.0; Win64; x64; rv:58.0) Gecko/20100101 Firefox/58.0"
::1 - - [16/Feb/2018:06:24:10 +0000] "POST /login HTTP/1.1" 200 258 "http://localhost:3000/" "Mozilla/5.0 (Windows NT 10.0; Win64; x64; rv:58.0) Gecko/20100101 Firefox/58.0"
::1 - - [16/Feb/2018:06:24:10 +0000] "GET / HTTP/1.1" 200 192849 "http://localhost:3000/" "Mozilla/5.0 (Windows NT 10.0; Win64; x64; rv:58.0) Gecko/20100101 Firefox/58.0"
::1 - - [16/Feb/2018:06:24:10 +0000] "GET /shades/sprint_images/%7B%7BselectedData.Sprint_Id%7D%7D.jpg HTTP/1.1" 404 198 "http://localhost:3000/" "Mozilla/5.0 (Windows NT 10.0; Win64; x64; rv:58.0) Gecko/20100101 Firefox/58.0"
::1 - - [16/Feb/2018:06:24:12 +0000] "GET /shades/sprint_images/%7B%7BselectedData.Sprint_Id%7D%7D.jpg HTTP/1.1" 404 198 "http://localhost:3000/" "Mozilla/5.0 (Windows NT 10.0; Win64; x64; rv:58.0) Gecko/20100101 Firefox/58.0"
::1 - - [16/Feb/2018:06:24:12 +0000] "GET /images/loading.gif HTTP/1.1" 404 157 "http://localhost:3000/Content/style.css" "Mozilla/5.0 (Windows NT 10.0; Win64; x64; rv:58.0) Gecko/20100101 Firefox/58.0"
::1 - - [16/Feb/2018:06:24:15 +0000] "GET /loginUserDetails/ HTTP/1.1" 200 258 "http://localhost:3000/" "Mozilla/5.0 (Windows NT 10.0; Win64; x64; rv:58.0) Gecko/20100101 Firefox/58.0"
::1 - - [16/Feb/2018:06:24:15 +0000] "GET /images/sort_both.png HTTP/1.1" 404 159 "http://localhost:3000/Content/jquery.dataTables.min.css" "Mozilla/5.0 (Windows NT 10.0; Win64; x64; rv:58.0) Gecko/20100101 Firefox/58.0"
::1 - - [16/Feb/2018:06:24:15 +0000] "GET /defaultBindValues/ HTTP/1.1" 200 139 "http://localhost:3000/" "Mozilla/5.0 (Windows NT 10.0; Win64; x64; rv:58.0) Gecko/20100101 Firefox/58.0"
::1 - - [16/Feb/2018:06:24:16 +0000] "GET /images/sort_asc.png HTTP/1.1" 404 158 "http://localhost:3000/Content/jquery.dataTables.min.css" "Mozilla/5.0 (Windows NT 10.0; Win64; x64; rv:58.0) Gecko/20100101 Firefox/58.0"
::1 - - [16/Feb/2018:06:24:18 +0000] "GET /getLogs/superadmin HTTP/1.1" 200 - "http://localhost:3000/" "Mozilla/5.0 (Windows NT 10.0; Win64; x64; rv:58.0) Gecko/20100101 Firefox/58.0"
::1 - - [16/Feb/2018:06:24:18 +0000] "GET /statistics HTTP/1.1" 200 - "http://localhost:3000/" "Mozilla/5.0 (Windows NT 10.0; Win64; x64; rv:58.0) Gecko/20100101 Firefox/58.0"
